[2026-06-25 10:37:35] ============================================================
[2026-06-25 10:37:35] SELF-EVOLVING LOOP START
[2026-06-25 10:37:35] ============================================================
[2026-06-25 10:37:35] STEP 1: Scraping latest odds...
[2026-06-25 10:37:36]   ⚠️ sporttery fetch error: cannot import name 'SOCCERDATA_DIR' from 'soccerdata._config' (/home/hetaisheng/soccerdata/soccerdata/_config.py)
[2026-06-25 10:37:37]   martj42 update: 已经是最新的。

[2026-06-25 10:37:37] ============================================================
[2026-06-25 10:37:37] SELF-EVOLVING LOOP END
[2026-06-25 10:37:37] ============================================================
[2026-06-25 10:38:10] ============================================================
[2026-06-25 10:38:10] SELF-EVOLVING LOOP START
[2026-06-25 10:38:10] ============================================================
[2026-06-25 10:38:10] STEP 2: Generating predictions...
[2026-06-25 10:38:22]   ✅ 12 predictions written to top3_predictions.json
[2026-06-25 10:38:22] ============================================================
[2026-06-25 10:38:22] SELF-EVOLVING LOOP END
[2026-06-25 10:38:22] ============================================================
[2026-06-25 10:38:37] ============================================================
[2026-06-25 10:38:37] SELF-EVOLVING LOOP START
[2026-06-25 10:38:37] ============================================================
[2026-06-25 10:38:37] STEP 4: Reconciling results...
[2026-06-25 10:38:39]   ✅ 28 recent results fetched
[2026-06-25 10:38:39] ============================================================
[2026-06-25 10:38:39] SELF-EVOLVING LOOP END
[2026-06-25 10:38:39] ============================================================
[2026-06-25 10:50:37] STEP 1: Scraping latest odds...
[2026-06-25 10:50:38]   ✅ sporttery odds fetched
[2026-06-25 10:50:39]   martj42 update: 已经是最新的。

[2026-06-25 10:50:39] STEP 2: Generating predictions...
[2026-06-25 10:50:52]   ✅ 12 predictions written to top3_predictions.json
[2026-06-25 10:50:52] STEP 4: Reconciling results...
[2026-06-25 10:50:52]   ✅ 28 recent results fetched
[2026-06-25 11:20:46] STEP 5: Learning (retrain)...
[2026-06-25 11:20:47]   ✅ 49477 new matches added to history
[2026-06-25 11:20:48]   ⚠️ Retrain stderr: Traceback (most recent call last):
  File "/home/hetaisheng/soccerdata/wc_analysis/xg_training.py", line 19, in <module>
    from wc_analysis.elo_model import EloModel
ModuleNotFoundError: No module n
[2026-06-25 11:21:26] STEP 5: Learning (retrain)...
[2026-06-25 11:21:27]   ✅ 49477 new matches added to history
[2026-06-25 11:21:28]   ⚠️ Retrain stderr: Traceback (most recent call last):
  File "/home/hetaisheng/soccerdata/wc_analysis/xg_training.py", line 19, in <module>
    from wc_analysis.elo_model import EloModel
ModuleNotFoundError: No module n
[2026-06-25 11:22:15] ============================================================
[2026-06-25 11:22:15] SELF-EVOLVING LOOP START
[2026-06-25 11:22:15] ============================================================
[2026-06-25 11:22:15] STEP 5: Learning (retrain)...
[2026-06-25 11:22:15]   ❌ learn failed: No module named 'wc_analysis'
[2026-06-25 11:22:15] ============================================================
[2026-06-25 11:22:15] SELF-EVOLVING LOOP END
[2026-06-25 11:22:15] ============================================================
[2026-06-25 11:22:47] ============================================================
[2026-06-25 11:22:47] SELF-EVOLVING LOOP START
[2026-06-25 11:22:47] ============================================================
[2026-06-25 11:22:47] STEP 5: Learning (retrain)...
[2026-06-25 11:22:47]   ❌ learn failed: No module named 'wc_analysis'
[2026-06-25 11:22:47] ============================================================
[2026-06-25 11:22:47] SELF-EVOLVING LOOP END
[2026-06-25 11:22:47] ============================================================
[2026-06-25 11:23:32] ============================================================
[2026-06-25 11:23:32] SELF-EVOLVING LOOP START
[2026-06-25 11:23:32] ============================================================
[2026-06-25 11:23:32] STEP 5: Learning (retrain)...
[2026-06-25 11:23:33]   ✅ 49477 new matches added to history
[2026-06-25 11:23:59]   ✅ Models retrained
[2026-06-25 11:23:59] ============================================================
[2026-06-25 11:23:59] SELF-EVOLVING LOOP END
[2026-06-25 11:23:59] ============================================================
[2026-06-25 11:24:12] ============================================================
[2026-06-25 11:24:12] SELF-EVOLVING LOOP START
[2026-06-25 11:24:12] ============================================================
[2026-06-25 11:24:12] STEP 1: Scraping latest odds...
[2026-06-25 11:24:13]   ✅ sporttery odds fetched
[2026-06-25 11:24:14]   martj42 update: 已经是最新的。

[2026-06-25 11:24:14] STEP 2: Generating predictions...
[2026-06-25 11:24:14]   ❌ predict failed: No module named 'wc_analysis'
[2026-06-25 11:24:14] STEP 4: Reconciling results...
[2026-06-25 11:24:14]   ✅ 28 recent results fetched
[2026-06-25 11:24:14] STEP 5: Learning (retrain)...
[2026-06-25 11:24:15]   ✅ 49477 new matches added to history
[2026-06-25 11:24:38]   ✅ Models retrained
[2026-06-25 11:24:38] ============================================================
[2026-06-25 11:24:38] SELF-EVOLVING LOOP END
[2026-06-25 11:24:38] ============================================================
[2026-06-25 11:25:24] ============================================================
[2026-06-25 11:25:24] SELF-EVOLVING LOOP START
[2026-06-25 11:25:24] ============================================================
[2026-06-25 11:25:24] STEP 1: Scraping latest odds...
[2026-06-25 11:25:25]   ✅ sporttery odds fetched
[2026-06-25 11:25:25]   martj42 update: 已经是最新的。

[2026-06-25 11:25:25] STEP 2: Generating predictions...
[2026-06-25 11:25:25]   ❌ predict failed: No module named 'wc_analysis'
[2026-06-25 11:25:25] STEP 4: Reconciling results...
[2026-06-25 11:25:26]   ✅ 28 recent results fetched
[2026-06-25 11:25:26] STEP 5: Learning (retrain)...
[2026-06-25 11:25:27]   ✅ 49477 new matches added to history
[2026-06-25 11:25:49]   ✅ Models retrained
[2026-06-25 11:25:49] ============================================================
[2026-06-25 11:25:49] SELF-EVOLVING LOOP END
[2026-06-25 11:25:49] ============================================================
[2026-06-25 11:27:10] ============================================================
[2026-06-25 11:27:10] SELF-EVOLVING LOOP START
[2026-06-25 11:27:10] ============================================================
[2026-06-25 11:27:10] STEP 1: Scraping latest odds...
[2026-06-25 11:27:11]   ✅ sporttery odds fetched
[2026-06-25 11:27:11]   martj42 update: 已经是最新的。

[2026-06-25 11:27:11] STEP 2: Generating predictions...
[2026-06-25 11:27:11]   ❌ predict failed: No module named 'wc_analysis'
[2026-06-25 11:27:11] STEP 4: Reconciling results...
[2026-06-25 11:27:12]   ✅ 28 recent results fetched
[2026-06-25 11:27:12] STEP 5: Learning (retrain)...
[2026-06-25 11:27:12]   ✅ 49477 new matches added to history
[2026-06-25 11:27:34]   ✅ Models retrained
[2026-06-25 11:27:34] ============================================================
[2026-06-25 11:27:34] SELF-EVOLVING LOOP END
[2026-06-25 11:27:34] ============================================================
[2026-06-25 11:28:33] ============================================================
[2026-06-25 11:28:33] SELF-EVOLVING LOOP START
[2026-06-25 11:28:33] ============================================================
[2026-06-25 11:28:33] STEP 1: Scraping latest odds...
[2026-06-25 11:28:34]   ✅ sporttery odds fetched
[2026-06-25 11:28:34]   martj42 update: 已经是最新的。

[2026-06-25 11:28:34] STEP 2: Generating predictions...
[2026-06-25 11:28:53]   ✅ 18 predictions written to top3_predictions.json
[2026-06-25 11:28:53] STEP 4: Reconciling results...
[2026-06-25 11:28:54]   ✅ 28 recent results fetched
[2026-06-25 11:28:54] STEP 5: Learning (retrain)...
[2026-06-25 11:28:55]   ✅ 49477 new matches added to history
[2026-06-25 11:29:27]   ✅ Models retrained
[2026-06-25 11:29:27] ============================================================
[2026-06-25 11:29:27] SELF-EVOLVING LOOP END
[2026-06-25 11:29:27] ============================================================
