[2026-06-23 10:16:01] 抓到 11 场
[2026-06-23 10:16:08] ✓ 盘口已推送VPS
[2026-06-23 10:16:40] VPS重算: 200
[2026-06-23 10:24:01] 抓到 11 场
[2026-06-23 10:24:08] ✓ 盘口已推送VPS
[2026-06-23 10:24:10] VPS重算: 200
[2026-06-23 10:32:01] 抓到 11 场
[2026-06-23 10:32:07] ✓ 盘口已推送VPS
[2026-06-23 10:32:09] VPS重算: 200
[2026-06-23 10:40:01] 抓到 11 场
[2026-06-23 10:40:08] ✓ 盘口已推送VPS
[2026-06-23 10:40:10] VPS重算: 200
[2026-06-23 10:48:01] 抓到 11 场
[2026-06-23 10:48:08] ✓ 盘口已推送VPS
[2026-06-23 10:48:40] VPS重算: 200
[2026-06-23 10:56:01] 抓到 11 场
[2026-06-23 10:56:07] ✓ 盘口已推送VPS
[2026-06-23 10:56:39] VPS重算: 200
[2026-06-23 11:00:01] 抓到 11 场
[2026-06-23 11:00:07] ✓ 盘口已推送VPS
[2026-06-23 11:01:31] VPS重算: 200
[2026-06-23 11:08:01] 抓到 22 场
[2026-06-23 11:08:06] ✓ 盘口已推送VPS
[2026-06-23 11:09:08] VPS重算: 200
[2026-06-23 11:16:01] 抓到 22 场
[2026-06-23 11:16:07] ✓ 盘口已推送VPS
[2026-06-23 11:17:37] VPS重算: 000
[2026-06-23 11:24:01] 抓到 22 场
[2026-06-23 11:24:07] ✓ 盘口已推送VPS
[2026-06-23 11:24:09] VPS重算: 200
[2026-06-23 11:32:01] 抓到 22 场
[2026-06-23 11:32:07] ✓ 盘口已推送VPS
[2026-06-23 11:32:08] VPS重算: 200
[2026-06-23 11:40:01] 抓到 22 场
[2026-06-23 11:40:07] ✓ 盘口已推送VPS
[2026-06-23 11:40:08] VPS重算: 200
[2026-06-23 11:48:01] 抓到 22 场
[2026-06-23 11:48:07] ✓ 盘口已推送VPS
[2026-06-23 11:48:08] VPS重算: 200
[2026-06-23 11:56:01] 抓到 22 场
[2026-06-23 11:58:02] ✗ 推送失败(VPS不可达或免密未配)
[2026-06-23 12:00:01] 抓到 22 场
[2026-06-23 12:00:06] ✓ 盘口已推送VPS
[2026-06-23 12:00:38] VPS重算: 200
[2026-06-23 12:08:01] 抓到 22 场
[2026-06-23 12:08:06] ✓ 盘口已推送VPS
[2026-06-23 12:09:36] VPS重算: 000
[2026-06-23 12:16:01] 抓到 22 场
[2026-06-23 12:16:09] ✓ 盘口已推送VPS
[2026-06-23 12:16:40] VPS重算: 200
[2026-06-23 12:24:01] 抓到 22 场
[2026-06-23 12:24:07] ✓ 盘口已推送VPS
[2026-06-23 12:24:09] VPS重算: 200
[2026-06-23 12:32:01] 抓到 22 场
[2026-06-23 12:32:07] ✓ 盘口已推送VPS
[2026-06-23 12:32:09] VPS重算: 200
[2026-06-23 12:40:01] 抓到 22 场
[2026-06-23 12:40:06] ✓ 盘口已推送VPS
[2026-06-23 12:40:37] VPS重算: 200
[2026-06-23 12:48:02] 抓到 22 场
[2026-06-23 12:48:07] ✓ 盘口已推送VPS
[2026-06-23 12:48:38] VPS重算: 200
[2026-06-23 12:56:01] 抓到 22 场
[2026-06-23 12:56:08] ✓ 盘口已推送VPS
[2026-06-23 12:56:40] VPS重算: 200
[2026-06-23 13:00:01] 抓到 22 场
[2026-06-23 13:00:06] ✓ 盘口已推送VPS
[2026-06-23 13:00:08] VPS重算: 200
[2026-06-23 13:08:01] 抓到 22 场
[2026-06-23 13:08:07] ✓ 盘口已推送VPS
[2026-06-23 13:08:09] VPS重算: 200
[2026-06-23 13:16:01] 抓到 22 场
[2026-06-23 13:16:06] ✓ 盘口已推送VPS
[2026-06-23 13:17:08] VPS重算: 200
[2026-06-23 13:24:01] 抓到 22 场
[2026-06-23 13:24:07] ✓ 盘口已推送VPS
[2026-06-23 13:25:09] VPS重算: 200
[2026-06-23 13:32:01] 抓到 22 场
[2026-06-23 13:32:06] ✓ 盘口已推送VPS
[2026-06-23 13:32:08] VPS重算: 200
[2026-06-23 13:40:01] 抓到 22 场
[2026-06-23 13:40:08] ✓ 盘口已推送VPS
[2026-06-23 13:40:39] VPS重算: 200
[2026-06-23 13:48:01] 抓到 22 场
[2026-06-23 13:48:06] ✓ 盘口已推送VPS
[2026-06-23 13:48:09] VPS重算: 200
[2026-06-23 13:56:01] 抓到 22 场
[2026-06-23 13:56:07] ✓ 盘口已推送VPS
[2026-06-23 13:56:39] VPS重算: 200
[2026-06-23 14:00:01] 抓到 22 场
[2026-06-23 14:00:06] ✓ 盘口已推送VPS
[2026-06-23 14:00:07] VPS重算: 200
[2026-06-23 14:08:01] 抓到 22 场
[2026-06-23 14:08:08] ✓ 盘口已推送VPS
[2026-06-23 14:09:09] VPS重算: 200
[2026-06-23 14:16:01] 抓到 22 场
[2026-06-23 14:16:07] ✓ 盘口已推送VPS
[2026-06-23 14:16:38] VPS重算: 200
[2026-06-23 14:24:01] 抓到 22 场
[2026-06-23 14:24:07] ✓ 盘口已推送VPS
[2026-06-23 14:25:37] VPS重算: 000
[2026-06-23 14:32:01] 抓到 22 场
[2026-06-23 14:32:07] ✓ 盘口已推送VPS
[2026-06-23 14:33:09] VPS重算: 200
[2026-06-23 14:40:01] 抓到 22 场
[2026-06-23 14:40:06] ✓ 盘口已推送VPS
[2026-06-23 14:41:08] VPS重算: 200
[2026-06-23 14:48:01] 抓到 22 场
[2026-06-23 14:48:07] ✓ 盘口已推送VPS
[2026-06-23 14:48:09] VPS重算: 200
[2026-06-23 14:56:01] 抓到 22 场
[2026-06-23 14:56:07] ✓ 盘口已推送VPS
[2026-06-23 14:56:39] VPS重算: 200
[2026-06-23 15:00:01] 抓到 22 场
[2026-06-23 15:00:06] ✓ 盘口已推送VPS
[2026-06-23 15:00:09] VPS重算: 200
[2026-06-23 15:08:01] 抓到 22 场
[2026-06-23 15:08:10] ✓ 盘口已推送VPS
[2026-06-23 15:08:42] VPS重算: 200
[2026-06-23 15:16:01] 抓到 22 场
[2026-06-23 15:16:06] ✓ 盘口已推送VPS
[2026-06-23 15:16:08] VPS重算: 200
[2026-06-23 15:24:01] 抓到 22 场
[2026-06-23 15:24:06] ✓ 盘口已推送VPS
[2026-06-23 15:25:08] VPS重算: 200
[2026-06-23 15:32:01] 抓到 22 场
[2026-06-23 15:32:07] ✓ 盘口已推送VPS
[2026-06-23 15:32:39] VPS重算: 200
[2026-06-23 15:40:01] 抓到 22 场
[2026-06-23 15:40:07] ✓ 盘口已推送VPS
[2026-06-23 15:40:38] VPS重算: 200
[2026-06-23 15:48:01] 抓到 22 场
[2026-06-23 15:48:07] ✓ 盘口已推送VPS
[2026-06-23 15:48:09] VPS重算: 200
[2026-06-23 15:56:01] 抓到 22 场
[2026-06-23 15:56:08] ✓ 盘口已推送VPS
[2026-06-23 15:56:10] VPS重算: 200
[2026-06-23 16:00:01] 抓到 22 场
[2026-06-23 16:00:06] ✓ 盘口已推送VPS
[2026-06-23 16:00:07] VPS重算: 200
[2026-06-23 16:08:01] 抓到 22 场
[2026-06-23 16:08:06] ✓ 盘口已推送VPS
[2026-06-23 16:08:08] VPS重算: 200
[2026-06-23 16:16:01] 抓到 22 场
[2026-06-23 16:16:07] ✓ 盘口已推送VPS
[2026-06-23 16:16:40] VPS重算: 200
[2026-06-23 16:24:01] 抓到 22 场
[2026-06-23 16:24:07] ✓ 盘口已推送VPS
[2026-06-23 16:25:37] VPS重算: 000
[2026-06-23 16:32:01] 抓到 22 场
[2026-06-23 16:32:06] ✓ 盘口已推送VPS
[2026-06-23 16:32:38] VPS重算: 200
[2026-06-23 16:40:01] 抓到 22 场
[2026-06-23 16:40:07] ✓ 盘口已推送VPS
[2026-06-23 16:41:09] VPS重算: 200
[2026-06-23 16:48:01] 抓到 22 场
[2026-06-23 16:48:07] ✓ 盘口已推送VPS
[2026-06-23 16:48:39] VPS重算: 200
[2026-06-23 16:56:01] 抓到 22 场
[2026-06-23 16:56:07] ✓ 盘口已推送VPS
[2026-06-23 16:56:09] VPS重算: 200
[2026-06-23 17:00:01] 抓到 22 场
[2026-06-23 17:00:05] ✓ 盘口已推送VPS
[2026-06-23 17:00:07] VPS重算: 200
[2026-06-23 17:08:01] 抓到 22 场
[2026-06-23 17:08:07] ✓ 盘口已推送VPS
[2026-06-23 17:08:09] VPS重算: 200
[2026-06-23 17:16:01] 抓到 22 场
[2026-06-23 17:16:07] ✓ 盘口已推送VPS
[2026-06-23 17:16:39] VPS重算: 200
[2026-06-23 17:24:01] 抓到 22 场
[2026-06-23 17:24:08] ✓ 盘口已推送VPS
[2026-06-23 17:24:10] VPS重算: 200
[2026-06-23 17:32:01] 抓到 22 场
[2026-06-23 17:32:07] ✓ 盘口已推送VPS
[2026-06-23 17:32:39] VPS重算: 200
[2026-06-23 17:40:01] 抓到 22 场
[2026-06-23 17:40:06] ✓ 盘口已推送VPS
[2026-06-23 17:40:38] VPS重算: 200
[2026-06-23 17:48:01] 抓到 22 场
[2026-06-23 17:48:08] ✓ 盘口已推送VPS
[2026-06-23 17:48:10] VPS重算: 200
[2026-06-23 17:56:01] 抓到 22 场
[2026-06-23 17:56:08] ✓ 盘口已推送VPS
[2026-06-23 17:56:10] VPS重算: 200
[2026-06-23 18:00:01] 抓到 22 场
[2026-06-23 18:00:06] ✓ 盘口已推送VPS
[2026-06-23 18:00:07] VPS重算: 200
[2026-06-23 18:08:01] 抓到 22 场
[2026-06-23 18:08:07] ✓ 盘口已推送VPS
[2026-06-23 18:08:10] VPS重算: 200
[2026-06-23 18:16:01] 抓到 22 场
[2026-06-23 18:16:07] ✓ 盘口已推送VPS
[2026-06-23 18:16:09] VPS重算: 200
[2026-06-23 18:24:01] 抓到 22 场
[2026-06-23 18:24:06] ✓ 盘口已推送VPS
[2026-06-23 18:25:07] VPS重算: 200
[2026-06-23 18:32:01] 抓到 22 场
[2026-06-23 18:32:09] ✓ 盘口已推送VPS
[2026-06-23 18:32:41] VPS重算: 200
[2026-06-23 18:40:01] 抓到 22 场
[2026-06-23 18:40:07] ✓ 盘口已推送VPS
[2026-06-23 18:41:37] VPS重算: 000
[2026-06-23 18:48:01] 抓到 22 场
[2026-06-23 18:48:07] ✓ 盘口已推送VPS
[2026-06-23 18:48:08] VPS重算: 200
[2026-06-23 18:56:01] 抓到 22 场
[2026-06-23 18:56:06] ✓ 盘口已推送VPS
[2026-06-23 18:56:08] VPS重算: 200
[2026-06-23 19:00:02] 抓到 22 场
[2026-06-23 19:00:07] ✓ 盘口已推送VPS
[2026-06-23 19:00:09] VPS重算: 200
[2026-06-23 19:08:01] 抓到 22 场
[2026-06-23 19:08:06] ✓ 盘口已推送VPS
[2026-06-23 19:09:08] VPS重算: 200
[2026-06-23 19:16:01] 抓到 22 场
[2026-06-23 19:16:06] ✓ 盘口已推送VPS
[2026-06-23 19:16:09] VPS重算: 200
[2026-06-23 19:24:01] 抓到 22 场
[2026-06-23 19:24:08] ✓ 盘口已推送VPS
[2026-06-23 19:24:40] VPS重算: 200
[2026-06-23 19:32:01] 抓到 22 场
[2026-06-23 19:32:08] ✓ 盘口已推送VPS
[2026-06-23 19:33:10] VPS重算: 200
[2026-06-23 19:40:01] 抓到 22 场
[2026-06-23 19:40:08] ✓ 盘口已推送VPS
[2026-06-23 19:41:10] VPS重算: 200
[2026-06-23 19:48:01] 抓到 22 场
[2026-06-23 19:48:07] ✓ 盘口已推送VPS
[2026-06-23 19:48:40] VPS重算: 200
[2026-06-23 19:56:01] 抓到 22 场
[2026-06-23 19:56:07] ✓ 盘口已推送VPS
[2026-06-23 19:56:38] VPS重算: 200
[2026-06-23 20:00:01] 抓到 22 场
[2026-06-23 20:00:06] ✓ 盘口已推送VPS
[2026-06-23 20:00:09] VPS重算: 200
[2026-06-23 20:08:01] 抓到 22 场
[2026-06-23 20:08:08] ✓ 盘口已推送VPS
[2026-06-23 20:08:10] VPS重算: 200
[2026-06-23 20:16:01] 抓到 22 场
[2026-06-23 20:16:07] ✓ 盘口已推送VPS
[2026-06-23 20:17:09] VPS重算: 200
[2026-06-23 20:24:01] 抓到 22 场
[2026-06-23 20:24:08] ✓ 盘口已推送VPS
[2026-06-23 20:24:41] VPS重算: 200
[2026-06-23 20:32:01] 抓到 22 场
[2026-06-23 20:32:09] ✓ 盘口已推送VPS
[2026-06-23 20:32:41] VPS重算: 200
[2026-06-23 20:40:01] 抓到 22 场
[2026-06-23 20:40:10] ✓ 盘口已推送VPS
[2026-06-23 20:41:40] VPS重算: 000
[2026-06-23 20:48:01] 抓到 22 场
[2026-06-23 20:48:09] ✓ 盘口已推送VPS
[2026-06-23 20:49:11] VPS重算: 200
[2026-06-23 20:56:01] 抓到 22 场
[2026-06-23 20:56:09] ✓ 盘口已推送VPS
[2026-06-23 20:56:11] VPS重算: 200
[2026-06-23 21:00:01] 抓到 22 场
[2026-06-23 21:00:09] ✓ 盘口已推送VPS
[2026-06-23 21:00:12] VPS重算: 200
[2026-06-23 21:08:01] 抓到 22 场
[2026-06-23 21:08:10] ✓ 盘口已推送VPS
[2026-06-23 21:08:44] VPS重算: 200
[2026-06-23 21:16:01] 抓到 22 场
[2026-06-23 21:16:08] ✓ 盘口已推送VPS
[2026-06-23 21:17:38] VPS重算: 000
[2026-06-23 21:24:01] 抓到 22 场
[2026-06-23 21:24:08] ✓ 盘口已推送VPS
[2026-06-23 21:24:11] VPS重算: 200
[2026-06-23 21:32:01] 抓到 22 场
[2026-06-23 21:32:08] ✓ 盘口已推送VPS
[2026-06-23 21:32:42] VPS重算: 200
[2026-06-23 21:40:01] 抓到 22 场
[2026-06-23 21:40:10] ✓ 盘口已推送VPS
[2026-06-23 21:40:12] VPS重算: 200
[2026-06-23 21:48:01] 抓到 22 场
[2026-06-23 21:48:10] ✓ 盘口已推送VPS
[2026-06-23 21:49:40] VPS重算: 000
[2026-06-23 21:56:01] 抓到 22 场
[2026-06-23 21:56:11] ✓ 盘口已推送VPS
[2026-06-23 21:57:41] VPS重算: 000
[2026-06-23 22:00:01] 抓到 22 场
[2026-06-23 22:00:09] ✓ 盘口已推送VPS
[2026-06-23 22:00:11] VPS重算: 200
[2026-06-23 22:08:01] 抓到 22 场
[2026-06-23 22:08:07] ✓ 盘口已推送VPS
[2026-06-23 22:08:39] VPS重算: 200
[2026-06-23 22:16:01] 抓到 22 场
[2026-06-23 22:16:07] ✓ 盘口已推送VPS
[2026-06-23 22:17:11] VPS重算: 200
[2026-06-23 22:24:01] 抓到 22 场
[2026-06-23 22:24:07] ✓ 盘口已推送VPS
[2026-06-23 22:25:10] VPS重算: 200
[2026-06-23 22:32:01] 抓到 22 场
[2026-06-23 22:32:07] ✓ 盘口已推送VPS
[2026-06-23 22:32:39] VPS重算: 200
[2026-06-23 22:40:01] 抓到 22 场
[2026-06-23 22:40:07] ✓ 盘口已推送VPS
[2026-06-23 22:41:10] VPS重算: 200
[2026-06-23 22:48:01] 抓到 22 场
[2026-06-23 22:48:06] ✓ 盘口已推送VPS
[2026-06-23 22:49:10] VPS重算: 200
[2026-06-23 22:56:01] 抓到 22 场
[2026-06-23 22:56:07] ✓ 盘口已推送VPS
[2026-06-23 22:57:09] VPS重算: 200
[2026-06-23 23:00:01] 抓到 22 场
[2026-06-23 23:00:07] ✓ 盘口已推送VPS
[2026-06-23 23:00:12] VPS重算: 200
[2026-06-23 23:08:01] 抓到 19 场
[2026-06-23 23:08:07] ✓ 盘口已推送VPS
[2026-06-23 23:09:09] VPS重算: 200
[2026-06-23 23:16:01] 抓到 19 场
[2026-06-23 23:16:07] ✓ 盘口已推送VPS
[2026-06-23 23:16:39] VPS重算: 200
[2026-06-23 23:24:01] 抓到 19 场
[2026-06-23 23:24:06] ✓ 盘口已推送VPS
[2026-06-23 23:24:38] VPS重算: 200
[2026-06-23 23:32:01] 抓到 19 场
[2026-06-23 23:32:08] ✓ 盘口已推送VPS
[2026-06-23 23:33:38] VPS重算: 000
[2026-06-23 23:40:01] 抓到 19 场
[2026-06-23 23:40:08] ✓ 盘口已推送VPS
[2026-06-23 23:40:41] VPS重算: 200
[2026-06-23 23:48:01] 抓到 19 场
[2026-06-23 23:48:06] ✓ 盘口已推送VPS
[2026-06-23 23:48:11] VPS重算: 200
[2026-06-23 23:56:01] 抓到 19 场
[2026-06-23 23:56:06] ✓ 盘口已推送VPS
[2026-06-23 23:56:08] VPS重算: 200
[2026-06-24 00:00:01] 抓到 19 场
[2026-06-24 00:00:07] ✓ 盘口已推送VPS
[2026-06-24 00:00:10] VPS重算: 200
[2026-06-24 00:08:01] 抓到 17 场
[2026-06-24 00:08:07] ✓ 盘口已推送VPS
[2026-06-24 00:08:10] VPS重算: 200
[2026-06-24 00:16:01] 抓到 17 场
[2026-06-24 00:18:02] ✗ 推送失败(VPS不可达或免密未配)
[2026-06-24 00:24:01] 抓到 17 场
[2026-06-24 00:24:07] ✓ 盘口已推送VPS
[2026-06-24 00:24:38] VPS重算: 200
[2026-06-24 00:32:01] 抓到 17 场
[2026-06-24 00:32:06] ✓ 盘口已推送VPS
[2026-06-24 00:32:08] VPS重算: 200
[2026-06-24 00:40:01] 抓到 17 场
[2026-06-24 00:40:48] ✓ 盘口已推送VPS
[2026-06-24 00:41:20] VPS重算: 200
[2026-06-24 00:48:01] 抓到 17 场
[2026-06-24 00:48:06] ✓ 盘口已推送VPS
[2026-06-24 00:49:36] VPS重算: 000
[2026-06-24 00:56:01] 抓到 17 场
[2026-06-24 00:56:06] ✓ 盘口已推送VPS
[2026-06-24 00:56:39] VPS重算: 200
[2026-06-24 01:00:01] 抓到 17 场
[2026-06-24 01:00:07] ✓ 盘口已推送VPS
[2026-06-24 01:01:09] VPS重算: 200
[2026-06-24 01:08:01]   ⚠ 体彩抓取失败(<urlopen error [SSL: CERTIFICATE_VERIFY_FAILED] certificate verify failed: EE certificate key too weak (_ssl.c:1032)>), 回退缓存 odds_parsed.json
[2026-06-24 01:08:01] 抓到 17 场
[2026-06-24 01:08:16] ✗ 推送失败(VPS不可达或免密未配)
[2026-06-24 01:16:01]   ⚠ 体彩抓取失败(<urlopen error [SSL: CERTIFICATE_VERIFY_FAILED] certificate verify failed: EE certificate key too weak (_ssl.c:1032)>), 回退缓存 odds_parsed.json
[2026-06-24 01:16:01] 抓到 17 场
[2026-06-24 01:16:36] ✗ 推送失败(VPS不可达或免密未配)
[2026-06-24 01:24:01] 抓到 15 场
[2026-06-24 01:24:08] ✓ 盘口已推送VPS
[2026-06-24 01:24:09] VPS重算: 200
[2026-06-24 01:32:01] 抓到 15 场
[2026-06-24 01:32:09] ✓ 盘口已推送VPS
[2026-06-24 01:32:11] VPS重算: 200
[2026-06-24 01:40:02] 抓到 15 场
[2026-06-24 01:40:06] ✓ 盘口已推送VPS
[2026-06-24 01:40:08] VPS重算: 200
[2026-06-24 01:48:01] 抓到 15 场
[2026-06-24 01:48:06] ✓ 盘口已推送VPS
[2026-06-24 01:48:08] VPS重算: 200
[2026-06-24 01:56:02]   ⚠ 体彩抓取失败(<urlopen error [Errno -3] Temporary failure in name resolution>), 回退缓存 odds_parsed.json
[2026-06-24 01:56:02] 抓到 15 场
[2026-06-24 01:56:04] ✗ 推送失败(VPS不可达或免密未配)
[2026-06-24 02:00:01]   ⚠ 体彩抓取失败(<urlopen error [Errno -3] Temporary failure in name resolution>), 回退缓存 odds_parsed.json
[2026-06-24 02:00:01] 抓到 15 场
[2026-06-24 02:00:01] ✗ 推送失败(VPS不可达或免密未配)
[2026-06-24 05:56:01] 抓到 14 场
[2026-06-24 05:56:10] ✓ 盘口已推送VPS
[2026-06-24 05:56:42] VPS重算: 200
[2026-06-24 06:00:01] 抓到 14 场
[2026-06-24 06:00:07] ✓ 盘口已推送VPS
[2026-06-24 06:00:08] VPS重算: 200
[2026-06-24 06:08:01] 抓到 14 场
[2026-06-24 06:08:07] ✓ 盘口已推送VPS
[2026-06-24 06:09:10] VPS重算: 200
[2026-06-24 06:16:01] 抓到 14 场
[2026-06-24 06:16:07] ✓ 盘口已推送VPS
[2026-06-24 06:16:08] VPS重算: 200
[2026-06-24 06:24:01] 抓到 14 场
[2026-06-24 06:24:06] ✓ 盘口已推送VPS
[2026-06-24 06:25:36] VPS重算: 000
[2026-06-24 06:32:01] 抓到 14 场
[2026-06-24 06:32:06] ✓ 盘口已推送VPS
[2026-06-24 06:32:08] VPS重算: 200
[2026-06-24 06:40:01] 抓到 14 场
[2026-06-24 06:40:06] ✓ 盘口已推送VPS
[2026-06-24 06:40:38] VPS重算: 200
[2026-06-24 06:48:01] 抓到 14 场
[2026-06-24 06:48:07] ✓ 盘口已推送VPS
[2026-06-24 06:48:09] VPS重算: 200
[2026-06-24 06:56:01] 抓到 14 场
[2026-06-24 06:56:07] ✓ 盘口已推送VPS
[2026-06-24 06:56:09] VPS重算: 200
[2026-06-24 07:00:01] 抓到 14 场
[2026-06-24 07:00:07] ✓ 盘口已推送VPS
[2026-06-24 07:00:38] VPS重算: 200
[2026-06-24 07:08:01] 抓到 13 场
[2026-06-24 07:08:07] ✓ 盘口已推送VPS
[2026-06-24 07:08:38] VPS重算: 200
[2026-06-24 07:16:01] 抓到 13 场
[2026-06-24 07:16:06] ✓ 盘口已推送VPS
[2026-06-24 07:16:08] VPS重算: 200
[2026-06-24 07:24:01] 抓到 13 场
[2026-06-24 07:24:07] ✓ 盘口已推送VPS
[2026-06-24 07:24:09] VPS重算: 200
[2026-06-24 07:32:01] 抓到 13 场
[2026-06-24 07:32:06] ✓ 盘口已推送VPS
[2026-06-24 07:32:08] VPS重算: 200
[2026-06-24 07:40:01] 抓到 13 场
[2026-06-24 07:40:07] ✓ 盘口已推送VPS
[2026-06-24 07:41:07] VPS重算: 200
[2026-06-24 07:48:01] 抓到 13 场
[2026-06-24 07:48:06] ✓ 盘口已推送VPS
[2026-06-24 07:49:36] VPS重算: 000
[2026-06-24 07:56:01] 抓到 13 场
[2026-06-24 07:56:07] ✓ 盘口已推送VPS
[2026-06-24 07:56:38] VPS重算: 200
[2026-06-24 08:00:01] 抓到 13 场
[2026-06-24 08:00:12] ✓ 盘口已推送VPS
[2026-06-24 08:01:15] VPS重算: 200
[2026-06-24 08:08:01] 抓到 13 场
[2026-06-24 08:08:08] ✓ 盘口已推送VPS
[2026-06-24 08:08:40] VPS重算: 200
[2026-06-24 08:16:01] 抓到 13 场
[2026-06-24 08:16:08] ✓ 盘口已推送VPS
[2026-06-24 08:16:10] VPS重算: 200
[2026-06-24 08:24:01] 抓到 13 场
[2026-06-24 08:24:07] ✓ 盘口已推送VPS
[2026-06-24 08:24:39] VPS重算: 200
[2026-06-24 08:32:01] 抓到 13 场
[2026-06-24 08:32:06] ✓ 盘口已推送VPS
[2026-06-24 08:33:36] VPS重算: 000
[2026-06-24 08:40:01] 抓到 13 场
[2026-06-24 08:40:08] ✓ 盘口已推送VPS
[2026-06-24 08:40:10] VPS重算: 200
[2026-06-24 08:48:01] 抓到 13 场
[2026-06-24 08:48:06] ✓ 盘口已推送VPS
[2026-06-24 08:48:07] VPS重算: 200
[2026-06-24 08:56:01] 抓到 13 场
[2026-06-24 08:56:07] ✓ 盘口已推送VPS
[2026-06-24 08:56:39] VPS重算: 200
[2026-06-24 09:00:01] 抓到 13 场
[2026-06-24 09:00:07] ✓ 盘口已推送VPS
[2026-06-24 09:00:39] VPS重算: 200
[2026-06-24 09:08:01] 抓到 13 场
[2026-06-24 09:08:06] ✓ 盘口已推送VPS
[2026-06-24 09:08:08] VPS重算: 200
[2026-06-24 09:16:01] 抓到 13 场
[2026-06-24 09:16:08] ✓ 盘口已推送VPS
[2026-06-24 09:16:39] VPS重算: 200
[2026-06-24 09:24:01] 抓到 13 场
[2026-06-24 09:24:08] ✓ 盘口已推送VPS
[2026-06-24 09:24:40] VPS重算: 200
[2026-06-24 09:32:01] 抓到 13 场
[2026-06-24 09:32:05] ✓ 盘口已推送VPS
[2026-06-24 09:32:37] VPS重算: 200
[2026-06-24 09:40:01] 抓到 13 场
[2026-06-24 09:40:07] ✓ 盘口已推送VPS
[2026-06-24 09:40:39] VPS重算: 200
[2026-06-24 09:48:01] 抓到 13 场
[2026-06-24 09:48:07] ✓ 盘口已推送VPS
[2026-06-24 09:48:09] VPS重算: 200
[2026-06-24 09:56:01] 抓到 13 场
[2026-06-24 09:56:07] ✓ 盘口已推送VPS
[2026-06-24 09:56:09] VPS重算: 200
[2026-06-24 10:00:01] 抓到 13 场
[2026-06-24 10:00:06] ✓ 盘口已推送VPS
[2026-06-24 10:00:08] VPS重算: 200
[2026-06-24 10:08:01] 抓到 12 场
[2026-06-24 10:08:06] ✓ 盘口已推送VPS
[2026-06-24 10:08:38] VPS重算: 200
[2026-06-24 10:16:01] 抓到 12 场
[2026-06-24 10:16:08] ✓ 盘口已推送VPS
[2026-06-24 10:16:10] VPS重算: 200
[2026-06-24 10:24:01] 抓到 12 场
[2026-06-24 10:24:06] ✓ 盘口已推送VPS
[2026-06-24 10:24:37] VPS重算: 200
[2026-06-24 10:32:01] 抓到 12 场
[2026-06-24 10:32:08] ✓ 盘口已推送VPS
[2026-06-24 10:33:38] VPS重算: 000
[2026-06-24 10:40:01] 抓到 12 场
[2026-06-24 10:40:07] ✓ 盘口已推送VPS
[2026-06-24 10:41:37] VPS重算: 000
[2026-06-24 10:48:01] 抓到 12 场
[2026-06-24 10:48:08] ✓ 盘口已推送VPS
[2026-06-24 10:48:10] VPS重算: 200
[2026-06-24 10:56:01] 抓到 12 场
[2026-06-24 10:56:08] ✓ 盘口已推送VPS
[2026-06-24 10:57:09] VPS重算: 200
[2026-06-24 11:00:01] 抓到 12 场
[2026-06-24 11:00:06] ✓ 盘口已推送VPS
[2026-06-24 11:00:37] VPS重算: 200
[2026-06-24 11:08:01] 抓到 18 场
[2026-06-24 11:08:07] ✓ 盘口已推送VPS
[2026-06-24 11:09:10] VPS重算: 200
[2026-06-24 11:16:01] 抓到 18 场
[2026-06-24 11:16:07] ✓ 盘口已推送VPS
[2026-06-24 11:16:09] VPS重算: 200
[2026-06-24 11:24:01] 抓到 18 场
[2026-06-24 11:24:06] ✓ 盘口已推送VPS
[2026-06-24 11:25:36] VPS重算: 000
[2026-06-24 11:32:01] 抓到 18 场
[2026-06-24 11:32:07] ✓ 盘口已推送VPS
[2026-06-24 11:32:09] VPS重算: 200
[2026-06-24 11:40:01] 抓到 18 场
[2026-06-24 11:40:07] ✓ 盘口已推送VPS
[2026-06-24 11:40:39] VPS重算: 200
[2026-06-24 11:48:01] 抓到 18 场
[2026-06-24 11:48:07] ✓ 盘口已推送VPS
[2026-06-24 11:49:08] VPS重算: 200
[2026-06-24 11:56:01] 抓到 18 场
[2026-06-24 11:56:07] ✓ 盘口已推送VPS
[2026-06-24 11:56:39] VPS重算: 200
[2026-06-24 12:00:01] 抓到 18 场
[2026-06-24 12:00:06] ✓ 盘口已推送VPS
[2026-06-24 12:01:36] VPS重算: 000
[2026-06-24 12:08:01] 抓到 18 场
[2026-06-24 12:08:06] ✓ 盘口已推送VPS
[2026-06-24 12:08:08] VPS重算: 200
[2026-06-24 12:16:01] 抓到 18 场
[2026-06-24 12:16:07] ✓ 盘口已推送VPS
[2026-06-24 12:16:08] VPS重算: 200
[2026-06-24 12:24:01] 抓到 18 场
[2026-06-24 12:24:08] ✓ 盘口已推送VPS
[2026-06-24 12:24:10] VPS重算: 200
[2026-06-24 12:32:01] 抓到 18 场
[2026-06-24 12:32:08] ✓ 盘口已推送VPS
[2026-06-24 12:32:09] VPS重算: 200
[2026-06-24 12:40:01] 抓到 18 场
[2026-06-24 12:40:08] ✓ 盘口已推送VPS
[2026-06-24 12:41:10] VPS重算: 200
[2026-06-24 13:00:01] 抓到 18 场
[2026-06-24 13:00:08] ✓ 盘口已推送VPS
[2026-06-24 13:01:10] VPS重算: 200
[2026-06-24 13:08:01] 抓到 18 场
[2026-06-24 13:08:08] ✓ 盘口已推送VPS
[2026-06-24 13:08:10] VPS重算: 200
[2026-06-24 13:16:01] 抓到 18 场
[2026-06-24 13:16:09] ✓ 盘口已推送VPS
[2026-06-24 13:17:39] VPS重算: 000
[2026-06-24 13:24:01] 抓到 18 场
[2026-06-24 13:24:06] ✓ 盘口已推送VPS
[2026-06-24 13:24:38] VPS重算: 200
[2026-06-24 13:32:01] 抓到 18 场
[2026-06-24 13:32:07] ✓ 盘口已推送VPS
[2026-06-24 13:33:37] VPS重算: 000
[2026-06-24 13:40:01] 抓到 18 场
[2026-06-24 13:40:07] ✓ 盘口已推送VPS
[2026-06-24 13:40:39] VPS重算: 200
[2026-06-24 13:48:01] 抓到 18 场
[2026-06-24 13:48:07] ✓ 盘口已推送VPS
[2026-06-24 13:48:09] VPS重算: 200
[2026-06-24 13:56:01] 抓到 18 场
[2026-06-24 13:56:06] ✓ 盘口已推送VPS
[2026-06-24 13:56:38] VPS重算: 200
[2026-06-24 14:00:01] 抓到 18 场
[2026-06-24 14:00:07] ✓ 盘口已推送VPS
[2026-06-24 14:00:38] VPS重算: 200
[2026-06-24 14:08:01] 抓到 18 场
[2026-06-24 14:08:07] ✓ 盘口已推送VPS
[2026-06-24 14:08:39] VPS重算: 200
[2026-06-24 14:16:01] 抓到 18 场
[2026-06-24 14:16:07] ✓ 盘口已推送VPS
[2026-06-24 14:16:09] VPS重算: 200
[2026-06-24 14:24:01] 抓到 18 场
[2026-06-24 14:24:07] ✓ 盘口已推送VPS
[2026-06-24 14:24:09] VPS重算: 200
[2026-06-24 14:32:01] 抓到 18 场
[2026-06-24 14:32:09] ✓ 盘口已推送VPS
[2026-06-24 14:33:10] VPS重算: 200
[2026-06-24 14:40:01] 抓到 18 场
[2026-06-24 14:40:09] ✓ 盘口已推送VPS
[2026-06-24 14:40:41] VPS重算: 200
[2026-06-24 14:48:01] 抓到 18 场
[2026-06-24 14:48:06] ✓ 盘口已推送VPS
[2026-06-24 14:48:37] VPS重算: 200
[2026-06-24 14:56:01] 抓到 18 场
[2026-06-24 14:56:07] ✓ 盘口已推送VPS
[2026-06-24 14:56:38] VPS重算: 200
[2026-06-24 15:00:01] 抓到 18 场
[2026-06-24 15:00:07] ✓ 盘口已推送VPS
[2026-06-24 15:00:09] VPS重算: 200
[2026-06-24 15:08:01] 抓到 18 场
[2026-06-24 15:08:07] ✓ 盘口已推送VPS
[2026-06-24 15:09:37] VPS重算: 000
[2026-06-24 15:16:01] 抓到 18 场
[2026-06-24 15:16:07] ✓ 盘口已推送VPS
[2026-06-24 15:17:09] VPS重算: 200
[2026-06-24 15:24:01] 抓到 18 场
[2026-06-24 15:24:07] ✓ 盘口已推送VPS
[2026-06-24 15:24:09] VPS重算: 200
[2026-06-24 15:32:01] 抓到 18 场
[2026-06-24 15:32:09] ✓ 盘口已推送VPS
[2026-06-24 15:32:11] VPS重算: 200
[2026-06-24 15:40:01] 抓到 18 场
[2026-06-24 15:40:10] ✓ 盘口已推送VPS
[2026-06-24 15:40:12] VPS重算: 200
[2026-06-24 15:48:01] 抓到 18 场
[2026-06-24 15:48:10] ✓ 盘口已推送VPS
[2026-06-24 15:48:12] VPS重算: 200
[2026-06-24 15:56:01] 抓到 18 场
[2026-06-24 15:56:10] ✓ 盘口已推送VPS
[2026-06-24 15:56:12] VPS重算: 200
[2026-06-24 16:00:01] 抓到 18 场
[2026-06-24 16:00:09] ✓ 盘口已推送VPS
[2026-06-24 16:01:10] VPS重算: 200
[2026-06-24 16:08:01] 抓到 18 场
[2026-06-24 16:08:12] ✓ 盘口已推送VPS
[2026-06-24 16:09:14] VPS重算: 200
[2026-06-24 16:16:01] 抓到 18 场
[2026-06-24 16:16:11] ✓ 盘口已推送VPS
[2026-06-24 16:16:43] VPS重算: 200
[2026-06-24 16:24:01] 抓到 18 场
[2026-06-24 16:24:09] ✓ 盘口已推送VPS
[2026-06-24 16:24:11] VPS重算: 200
[2026-06-24 16:32:01] 抓到 18 场
[2026-06-24 16:32:08] ✓ 盘口已推送VPS
[2026-06-24 16:32:10] VPS重算: 200
[2026-06-24 16:40:01] 抓到 18 场
[2026-06-24 16:40:09] ✓ 盘口已推送VPS
[2026-06-24 16:41:39] VPS重算: 000
[2026-06-24 16:48:01] 抓到 18 场
[2026-06-24 16:48:07] ✓ 盘口已推送VPS
[2026-06-24 16:48:09] VPS重算: 200
[2026-06-24 16:56:01] 抓到 18 场
[2026-06-24 16:56:07] ✓ 盘口已推送VPS
[2026-06-24 16:57:09] VPS重算: 200
[2026-06-24 17:00:01] 抓到 18 场
[2026-06-24 17:00:06] ✓ 盘口已推送VPS
[2026-06-24 17:00:08] VPS重算: 200
[2026-06-24 17:08:01] 抓到 18 场
[2026-06-24 17:08:06] ✓ 盘口已推送VPS
[2026-06-24 17:09:08] VPS重算: 200
[2026-06-24 17:16:01] 抓到 18 场
[2026-06-24 17:16:07] ✓ 盘口已推送VPS
[2026-06-24 17:16:38] VPS重算: 200
[2026-06-24 17:24:02] 抓到 18 场
[2026-06-24 17:24:09] ✓ 盘口已推送VPS
[2026-06-24 17:25:39] VPS重算: 000
[2026-06-24 17:32:01] 抓到 18 场
[2026-06-24 17:32:09] ✓ 盘口已推送VPS
[2026-06-24 17:32:41] VPS重算: 200
[2026-06-24 17:40:01] 抓到 18 场
[2026-06-24 17:40:07] ✓ 盘口已推送VPS
[2026-06-24 17:40:09] VPS重算: 200
[2026-06-24 17:48:01] 抓到 18 场
[2026-06-24 17:48:08] ✓ 盘口已推送VPS
[2026-06-24 17:48:40] VPS重算: 200
[2026-06-24 17:56:01] 抓到 18 场
[2026-06-24 17:56:07] ✓ 盘口已推送VPS
[2026-06-24 17:57:37] VPS重算: 000
[2026-06-24 18:00:01] 抓到 18 场
[2026-06-24 18:00:06] ✓ 盘口已推送VPS
[2026-06-24 18:01:36] VPS重算: 000
[2026-06-24 18:08:01] 抓到 18 场
[2026-06-24 18:08:07] ✓ 盘口已推送VPS
[2026-06-24 18:08:08] VPS重算: 200
[2026-06-24 18:16:01] 抓到 18 场
[2026-06-24 18:16:08] ✓ 盘口已推送VPS
[2026-06-24 18:16:40] VPS重算: 200
[2026-06-24 18:24:01] 抓到 18 场
[2026-06-24 18:24:08] ✓ 盘口已推送VPS
[2026-06-24 18:24:10] VPS重算: 200
[2026-06-24 18:32:01] 抓到 18 场
[2026-06-24 18:32:09] ✓ 盘口已推送VPS
[2026-06-24 18:32:40] VPS重算: 200
[2026-06-24 18:40:01] 抓到 18 场
[2026-06-24 18:40:07] ✓ 盘口已推送VPS
[2026-06-24 18:40:09] VPS重算: 200
[2026-06-24 18:48:01] 抓到 18 场
[2026-06-24 18:48:07] ✓ 盘口已推送VPS
[2026-06-24 18:48:39] VPS重算: 200
[2026-06-24 18:56:01] 抓到 18 场
[2026-06-24 18:56:08] ✓ 盘口已推送VPS
[2026-06-24 18:57:38] VPS重算: 000
[2026-06-24 19:00:01] 抓到 18 场
[2026-06-24 19:00:07] ✓ 盘口已推送VPS
[2026-06-24 19:00:09] VPS重算: 200
[2026-06-24 19:08:01] 抓到 18 场
[2026-06-24 19:08:07] ✓ 盘口已推送VPS
[2026-06-24 19:08:38] VPS重算: 200
[2026-06-24 19:16:01] 抓到 18 场
[2026-06-24 19:16:08] ✓ 盘口已推送VPS
[2026-06-24 19:17:10] VPS重算: 200
[2026-06-24 19:24:01] 抓到 18 场
[2026-06-24 19:24:08] ✓ 盘口已推送VPS
[2026-06-24 19:24:10] VPS重算: 200
[2026-06-24 19:32:01] 抓到 18 场
[2026-06-24 19:32:09] ✓ 盘口已推送VPS
[2026-06-24 19:32:10] VPS重算: 200
[2026-06-24 19:40:01] 抓到 18 场
[2026-06-24 19:40:08] ✓ 盘口已推送VPS
[2026-06-24 19:40:40] VPS重算: 200
[2026-06-24 19:48:01] 抓到 18 场
[2026-06-24 19:48:06] ✓ 盘口已推送VPS
[2026-06-24 19:48:37] VPS重算: 200
[2026-06-24 19:56:01] 抓到 18 场
[2026-06-24 19:56:06] ✓ 盘口已推送VPS
[2026-06-24 19:56:08] VPS重算: 200
[2026-06-24 20:00:01] 抓到 18 场
[2026-06-24 20:00:06] ✓ 盘口已推送VPS
[2026-06-24 20:00:07] VPS重算: 200
[2026-06-24 20:08:02] 抓到 18 场
[2026-06-24 20:08:07] ✓ 盘口已推送VPS
[2026-06-24 20:08:10] VPS重算: 200
[2026-06-24 20:16:01] 抓到 18 场
[2026-06-24 20:16:08] ✓ 盘口已推送VPS
[2026-06-24 20:16:09] VPS重算: 200
[2026-06-24 20:24:01] 抓到 18 场
[2026-06-24 20:24:06] ✓ 盘口已推送VPS
[2026-06-24 20:25:36] VPS重算: 000
[2026-06-24 20:32:01] 抓到 18 场
[2026-06-24 20:32:10] ✓ 盘口已推送VPS
[2026-06-24 20:32:42] VPS重算: 200
[2026-06-24 20:40:01] 抓到 18 场
[2026-06-24 20:40:08] ✓ 盘口已推送VPS
[2026-06-24 20:40:39] VPS重算: 200
[2026-06-24 20:48:01] 抓到 18 场
[2026-06-24 20:48:08] ✓ 盘口已推送VPS
[2026-06-24 20:48:10] VPS重算: 200
[2026-06-24 20:56:01] 抓到 18 场
[2026-06-24 20:56:07] ✓ 盘口已推送VPS
[2026-06-24 20:56:09] VPS重算: 200
[2026-06-24 21:00:01] 抓到 18 场
[2026-06-24 21:00:08] ✓ 盘口已推送VPS
[2026-06-24 21:00:40] VPS重算: 200
[2026-06-24 21:08:01] 抓到 18 场
[2026-06-24 21:08:07] ✓ 盘口已推送VPS
[2026-06-24 21:09:08] VPS重算: 200
[2026-06-24 21:16:01] 抓到 18 场
[2026-06-24 21:16:06] ✓ 盘口已推送VPS
[2026-06-24 21:16:08] VPS重算: 200
[2026-06-24 21:24:01] 抓到 18 场
[2026-06-24 21:24:06] ✓ 盘口已推送VPS
[2026-06-24 21:25:08] VPS重算: 200
[2026-06-24 21:32:01] 抓到 18 场
[2026-06-24 21:32:09] ✓ 盘口已推送VPS
[2026-06-24 21:32:40] VPS重算: 200
[2026-06-24 21:40:01] 抓到 18 场
[2026-06-24 21:40:08] ✓ 盘口已推送VPS
[2026-06-24 21:40:10] VPS重算: 200
[2026-06-24 21:48:01] 抓到 18 场
[2026-06-24 21:48:08] ✓ 盘口已推送VPS
[2026-06-24 21:49:09] VPS重算: 200
[2026-06-24 21:56:01] 抓到 18 场
[2026-06-24 21:56:06] ✓ 盘口已推送VPS
[2026-06-24 21:56:07] VPS重算: 200
[2026-06-24 22:00:01] 抓到 18 场
[2026-06-24 22:00:07] ✓ 盘口已推送VPS
[2026-06-24 22:00:39] VPS重算: 200
[2026-06-24 22:08:01] 抓到 18 场
[2026-06-24 22:08:07] ✓ 盘口已推送VPS
[2026-06-24 22:08:08] VPS重算: 200
[2026-06-24 22:16:01] 抓到 18 场
[2026-06-24 22:16:07] ✓ 盘口已推送VPS
[2026-06-24 22:16:09] VPS重算: 200
[2026-06-24 22:24:01] 抓到 18 场
[2026-06-24 22:24:07] ✓ 盘口已推送VPS
[2026-06-24 22:24:39] VPS重算: 200
[2026-06-24 22:32:01] 抓到 18 场
[2026-06-24 22:32:10] ✓ 盘口已推送VPS
[2026-06-24 22:32:12] VPS重算: 200
[2026-06-24 22:40:01] 抓到 18 场
[2026-06-24 22:40:08] ✓ 盘口已推送VPS
[2026-06-24 22:41:09] VPS重算: 200
[2026-06-24 22:48:02] 抓到 18 场
[2026-06-24 22:48:07] ✓ 盘口已推送VPS
[2026-06-24 22:48:39] VPS重算: 200
[2026-06-24 22:56:01] 抓到 18 场
[2026-06-24 22:56:06] ✓ 盘口已推送VPS
[2026-06-24 22:56:08] VPS重算: 200
[2026-06-24 23:00:01] 抓到 18 场
[2026-06-24 23:00:06] ✓ 盘口已推送VPS
[2026-06-24 23:00:38] VPS重算: 200
[2026-06-24 23:08:01] 抓到 18 场
[2026-06-24 23:08:08] ✓ 盘口已推送VPS
[2026-06-24 23:08:39] VPS重算: 200
[2026-06-24 23:16:01] 抓到 18 场
[2026-06-24 23:16:09] ✓ 盘口已推送VPS
[2026-06-24 23:16:41] VPS重算: 200
[2026-06-24 23:24:01] 抓到 18 场
[2026-06-24 23:24:08] ✓ 盘口已推送VPS
[2026-06-24 23:24:10] VPS重算: 200
[2026-06-24 23:32:01] 抓到 18 场
[2026-06-24 23:32:09] ✓ 盘口已推送VPS
[2026-06-24 23:32:41] VPS重算: 200
[2026-06-24 23:40:01] 抓到 18 场
[2026-06-24 23:40:07] ✓ 盘口已推送VPS
[2026-06-24 23:41:09] VPS重算: 200
[2026-06-24 23:48:01] 抓到 18 场
[2026-06-24 23:48:07] ✓ 盘口已推送VPS
[2026-06-24 23:48:39] VPS重算: 200
[2026-06-24 23:56:01] 抓到 18 场
[2026-06-24 23:56:07] ✓ 盘口已推送VPS
[2026-06-24 23:56:09] VPS重算: 200
[2026-06-25 00:00:01] 抓到 18 场
[2026-06-25 00:00:06] ✓ 盘口已推送VPS
[2026-06-25 00:01:08] VPS重算: 200
[2026-06-25 00:08:01]   ⚠ 体彩抓取失败(<urlopen error timed out>), 回退缓存 odds_parsed.json
[2026-06-25 00:08:01] 抓到 18 场
[2026-06-25 00:09:16] ✗ 推送失败(VPS不可达或免密未配)
[2026-06-25 00:16:01]   ⚠ 体彩抓取失败(<urlopen error timed out>), 回退缓存 odds_parsed.json
[2026-06-25 00:16:01] 抓到 18 场
[2026-06-25 00:17:16] ✗ 推送失败(VPS不可达或免密未配)
[2026-06-25 00:24:01]   ⚠ 体彩抓取失败(<urlopen error timed out>), 回退缓存 odds_parsed.json
[2026-06-25 00:24:01] 抓到 18 场
[2026-06-25 00:25:16] ✗ 推送失败(VPS不可达或免密未配)
[2026-06-25 00:32:01]   ⚠ 体彩抓取失败(<urlopen error timed out>), 回退缓存 odds_parsed.json
[2026-06-25 00:32:01] 抓到 18 场
[2026-06-25 00:33:16] ✗ 推送失败(VPS不可达或免密未配)
[2026-06-25 00:40:01]   ⚠ 体彩抓取失败(<urlopen error timed out>), 回退缓存 odds_parsed.json
[2026-06-25 00:40:01] 抓到 18 场
[2026-06-25 00:41:17] ✗ 推送失败(VPS不可达或免密未配)
[2026-06-25 00:48:01]   ⚠ 体彩抓取失败(<urlopen error [SSL: CERTIFICATE_VERIFY_FAILED] certificate verify failed: EE certificate key too weak (_ssl.c:1032)>), 回退缓存 odds_parsed.json
[2026-06-25 00:48:01] 抓到 18 场
[2026-06-25 00:48:27] ✗ 推送失败(VPS不可达或免密未配)
[2026-06-25 00:56:01]   ⚠ 体彩抓取失败(<urlopen error timed out>), 回退缓存 odds_parsed.json
[2026-06-25 00:56:01] 抓到 18 场
[2026-06-25 00:57:16] ✗ 推送失败(VPS不可达或免密未配)
[2026-06-25 01:00:01]   ⚠ 体彩抓取失败(<urlopen error [SSL: CERTIFICATE_VERIFY_FAILED] certificate verify failed: EE certificate key too weak (_ssl.c:1032)>), 回退缓存 odds_parsed.json
[2026-06-25 01:00:01] 抓到 18 场
[2026-06-25 01:00:19] ✗ 推送失败(VPS不可达或免密未配)
[2026-06-25 01:08:01]   ⚠ 体彩抓取失败(<urlopen error [SSL: CERTIFICATE_VERIFY_FAILED] certificate verify failed: EE certificate key too weak (_ssl.c:1032)>), 回退缓存 odds_parsed.json
[2026-06-25 01:08:01] 抓到 18 场
[2026-06-25 01:09:06] ✗ 推送失败(VPS不可达或免密未配)
[2026-06-25 01:16:01]   ⚠ 体彩抓取失败(<urlopen error [SSL: CERTIFICATE_VERIFY_FAILED] certificate verify failed: EE certificate key too weak (_ssl.c:1032)>), 回退缓存 odds_parsed.json
[2026-06-25 01:16:01] 抓到 18 场
[2026-06-25 01:16:35] ✗ 推送失败(VPS不可达或免密未配)
[2026-06-25 01:24:01]   ⚠ 体彩抓取失败(<urlopen error [SSL: CERTIFICATE_VERIFY_FAILED] certificate verify failed: EE certificate key too weak (_ssl.c:1032)>), 回退缓存 odds_parsed.json
[2026-06-25 01:24:01] 抓到 18 场
[2026-06-25 01:25:05] ✗ 推送失败(VPS不可达或免密未配)
[2026-06-25 01:32:01]   ⚠ 体彩抓取失败(<urlopen error [SSL: CERTIFICATE_VERIFY_FAILED] certificate verify failed: EE certificate key too weak (_ssl.c:1032)>), 回退缓存 odds_parsed.json
[2026-06-25 01:32:01] 抓到 18 场
[2026-06-25 01:32:37] ✗ 推送失败(VPS不可达或免密未配)
[2026-06-25 01:40:01]   ⚠ 体彩抓取失败(<urlopen error [SSL: CERTIFICATE_VERIFY_FAILED] certificate verify failed: EE certificate key too weak (_ssl.c:1032)>), 回退缓存 odds_parsed.json
[2026-06-25 01:40:01] 抓到 18 场
[2026-06-25 01:41:05] ✗ 推送失败(VPS不可达或免密未配)
[2026-06-25 01:48:01]   ⚠ 体彩抓取失败(<urlopen error [SSL: CERTIFICATE_VERIFY_FAILED] certificate verify failed: EE certificate key too weak (_ssl.c:1032)>), 回退缓存 odds_parsed.json
[2026-06-25 01:48:01] 抓到 18 场
[2026-06-25 01:48:37] ✗ 推送失败(VPS不可达或免密未配)
[2026-06-25 01:56:01]   ⚠ 体彩抓取失败(<urlopen error [SSL: CERTIFICATE_VERIFY_FAILED] certificate verify failed: EE certificate key too weak (_ssl.c:1032)>), 回退缓存 odds_parsed.json
[2026-06-25 01:56:01] 抓到 18 场
[2026-06-25 01:56:19] ✗ 推送失败(VPS不可达或免密未配)
[2026-06-25 02:00:01]   ⚠ 体彩抓取失败(<urlopen error [SSL: CERTIFICATE_VERIFY_FAILED] certificate verify failed: EE certificate key too weak (_ssl.c:1032)>), 回退缓存 odds_parsed.json
[2026-06-25 02:00:01] 抓到 18 场
[2026-06-25 02:00:36] ✗ 推送失败(VPS不可达或免密未配)
[2026-06-25 02:08:01]   ⚠ 体彩抓取失败(<urlopen error timed out>), 回退缓存 odds_parsed.json
[2026-06-25 02:08:01] 抓到 18 场
[2026-06-25 02:09:17] ✗ 推送失败(VPS不可达或免密未配)
[2026-06-25 02:16:01]   ⚠ 体彩抓取失败(<urlopen error [SSL: CERTIFICATE_VERIFY_FAILED] certificate verify failed: EE certificate key too weak (_ssl.c:1032)>), 回退缓存 odds_parsed.json
[2026-06-25 02:16:01] 抓到 18 场
[2026-06-25 02:16:16] ✗ 推送失败(VPS不可达或免密未配)
[2026-06-25 02:24:01]   ⚠ 体彩抓取失败(<urlopen error timed out>), 回退缓存 odds_parsed.json
[2026-06-25 02:24:01] 抓到 18 场
[2026-06-25 02:25:17] ✗ 推送失败(VPS不可达或免密未配)
[2026-06-25 02:32:01]   ⚠ 体彩抓取失败(<urlopen error [SSL: CERTIFICATE_VERIFY_FAILED] certificate verify failed: EE certificate key too weak (_ssl.c:1032)>), 回退缓存 odds_parsed.json
[2026-06-25 02:32:01] 抓到 18 场
[2026-06-25 02:32:21] ✗ 推送失败(VPS不可达或免密未配)
[2026-06-25 02:40:01]   ⚠ 体彩抓取失败(<urlopen error [SSL: CERTIFICATE_VERIFY_FAILED] certificate verify failed: EE certificate key too weak (_ssl.c:1032)>), 回退缓存 odds_parsed.json
[2026-06-25 02:40:01] 抓到 18 场
[2026-06-25 02:41:06] ✗ 推送失败(VPS不可达或免密未配)
[2026-06-25 02:48:01]   ⚠ 体彩抓取失败(<urlopen error [SSL: CERTIFICATE_VERIFY_FAILED] certificate verify failed: EE certificate key too weak (_ssl.c:1032)>), 回退缓存 odds_parsed.json
[2026-06-25 02:48:01] 抓到 18 场
[2026-06-25 02:48:36] ✗ 推送失败(VPS不可达或免密未配)
[2026-06-25 02:56:01]   ⚠ 体彩抓取失败(<urlopen error [SSL: CERTIFICATE_VERIFY_FAILED] certificate verify failed: EE certificate key too weak (_ssl.c:1032)>), 回退缓存 odds_parsed.json
[2026-06-25 02:56:01] 抓到 18 场
[2026-06-25 02:57:05] ✗ 推送失败(VPS不可达或免密未配)
[2026-06-25 03:00:01]   ⚠ 体彩抓取失败(<urlopen error [SSL: CERTIFICATE_VERIFY_FAILED] certificate verify failed: EE certificate key too weak (_ssl.c:1032)>), 回退缓存 odds_parsed.json
[2026-06-25 03:00:01] 抓到 18 场
[2026-06-25 03:00:53] ✗ 推送失败(VPS不可达或免密未配)
[2026-06-25 03:08:01]   ⚠ 体彩抓取失败(<urlopen error timed out>), 回退缓存 odds_parsed.json
[2026-06-25 03:08:01] 抓到 18 场
[2026-06-25 03:09:16] ✗ 推送失败(VPS不可达或免密未配)
[2026-06-25 03:16:01]   ⚠ 体彩抓取失败(<urlopen error [SSL: CERTIFICATE_VERIFY_FAILED] certificate verify failed: EE certificate key too weak (_ssl.c:1032)>), 回退缓存 odds_parsed.json
[2026-06-25 03:16:01] 抓到 18 场
[2026-06-25 03:16:27] ✗ 推送失败(VPS不可达或免密未配)
[2026-06-25 03:24:01]   ⚠ 体彩抓取失败(<urlopen error [SSL: CERTIFICATE_VERIFY_FAILED] certificate verify failed: EE certificate key too weak (_ssl.c:1032)>), 回退缓存 odds_parsed.json
[2026-06-25 03:24:01] 抓到 18 场
[2026-06-25 03:24:37] ✗ 推送失败(VPS不可达或免密未配)
[2026-06-25 03:32:01]   ⚠ 体彩抓取失败(<urlopen error [SSL: CERTIFICATE_VERIFY_FAILED] certificate verify failed: EE certificate key too weak (_ssl.c:1032)>), 回退缓存 odds_parsed.json
[2026-06-25 03:32:01] 抓到 18 场
[2026-06-25 03:32:23] ✗ 推送失败(VPS不可达或免密未配)
[2026-06-25 03:40:01] 抓到 16 场
[2026-06-25 03:40:06] ✓ 盘口已推送VPS
[2026-06-25 03:40:08] VPS重算: 200
[2026-06-25 03:48:01] 抓到 16 场
[2026-06-25 03:48:07] ✓ 盘口已推送VPS
[2026-06-25 03:48:39] VPS重算: 200
[2026-06-25 03:56:01] 抓到 16 场
[2026-06-25 03:56:07] ✓ 盘口已推送VPS
[2026-06-25 03:57:08] VPS重算: 200
[2026-06-25 04:00:01] 抓到 16 场
[2026-06-25 04:00:07] ✓ 盘口已推送VPS
[2026-06-25 04:00:09] VPS重算: 200
[2026-06-25 04:08:01] 抓到 16 场
[2026-06-25 04:08:07] ✓ 盘口已推送VPS
[2026-06-25 04:08:39] VPS重算: 200
[2026-06-25 04:16:01] 抓到 16 场
[2026-06-25 04:16:06] ✓ 盘口已推送VPS
[2026-06-25 04:17:36] VPS重算: 000
[2026-06-25 04:24:01] 抓到 16 场
[2026-06-25 04:24:06] ✓ 盘口已推送VPS
[2026-06-25 04:25:08] VPS重算: 200
[2026-06-25 04:32:01] 抓到 16 场
[2026-06-25 04:32:06] ✓ 盘口已推送VPS
[2026-06-25 04:32:38] VPS重算: 200
[2026-06-25 04:40:01] 抓到 16 场
[2026-06-25 04:40:08] ✓ 盘口已推送VPS
[2026-06-25 04:40:09] VPS重算: 200
[2026-06-25 04:48:01] 抓到 16 场
[2026-06-25 04:48:06] ✓ 盘口已推送VPS
[2026-06-25 04:49:08] VPS重算: 200
[2026-06-25 04:56:01] 抓到 16 场
[2026-06-25 04:56:05] ✓ 盘口已推送VPS
[2026-06-25 04:57:07] VPS重算: 200
[2026-06-25 05:00:01] 抓到 16 场
[2026-06-25 05:00:06] ✓ 盘口已推送VPS
[2026-06-25 05:00:08] VPS重算: 200
[2026-06-25 05:08:01] 抓到 16 场
[2026-06-25 05:08:07] ✓ 盘口已推送VPS
[2026-06-25 05:09:09] VPS重算: 200
[2026-06-25 05:16:01] 抓到 16 场
[2026-06-25 05:16:06] ✓ 盘口已推送VPS
[2026-06-25 05:17:07] VPS重算: 200
[2026-06-25 05:24:01] 抓到 16 场
[2026-06-25 05:24:08] ✓ 盘口已推送VPS
[2026-06-25 05:24:39] VPS重算: 200
[2026-06-25 05:32:01] 抓到 16 场
[2026-06-25 05:32:07] ✓ 盘口已推送VPS
[2026-06-25 05:33:08] VPS重算: 200
[2026-06-25 05:40:01] 抓到 16 场
[2026-06-25 05:40:06] ✓ 盘口已推送VPS
[2026-06-25 05:40:08] VPS重算: 200
[2026-06-25 05:48:01] 抓到 16 场
[2026-06-25 05:48:06] ✓ 盘口已推送VPS
[2026-06-25 05:48:38] VPS重算: 200
[2026-06-25 05:56:01] 抓到 16 场
[2026-06-25 05:56:06] ✓ 盘口已推送VPS
[2026-06-25 05:56:08] VPS重算: 200
[2026-06-25 06:00:01] 抓到 16 场
[2026-06-25 06:00:06] ✓ 盘口已推送VPS
[2026-06-25 06:00:37] VPS重算: 200
[2026-06-25 06:08:01] 抓到 14 场
[2026-06-25 06:08:07] ✓ 盘口已推送VPS
[2026-06-25 06:08:38] VPS重算: 200
[2026-06-25 06:16:01] 抓到 14 场
[2026-06-25 06:16:07] ✓ 盘口已推送VPS
[2026-06-25 06:17:37] VPS重算: 000
[2026-06-25 06:24:01] 抓到 14 场
[2026-06-25 06:24:06] ✓ 盘口已推送VPS
[2026-06-25 06:25:37] VPS重算: 000
[2026-06-25 06:32:01] 抓到 14 场
[2026-06-25 06:32:07] ✓ 盘口已推送VPS
[2026-06-25 06:33:37] VPS重算: 000
[2026-06-25 06:40:01] 抓到 14 场
[2026-06-25 06:40:06] ✓ 盘口已推送VPS
[2026-06-25 06:40:38] VPS重算: 200
[2026-06-25 06:48:01] Traceback (most recent call last):
[2026-06-25 06:48:01]   File "<string>", line 4, in <module>
[2026-06-25 06:48:01]     m = fetch_sporttery()
[2026-06-25 06:48:01]   File "/home/hetaisheng/soccerdata/wc_analysis/predict.py", line 143, in fetch_sporttery
[2026-06-25 06:48:01]     parsed_cache.write_text(
[2026-06-25 06:48:01]     ~~~~~~~~~~~~~~~~~~~~~~~^
[2026-06-25 06:48:01]         json.dumps(matches, ensure_ascii=False, indent=2), encoding="utf-8")
[2026-06-25 06:48:01]         ^^^^^^^^^^^^^^^^^^^^^^^^^^^^^^^^^^^^^^^^^^^^^^^^^^^^^^^^^^^^^^^^^^^^
[2026-06-25 06:48:01]   File "/home/hetaisheng/miniconda3/lib/python3.13/pathlib/_local.py", line 555, in write_text
[2026-06-25 06:48:01]     return PathBase.write_text(self, data, encoding, errors, newline)
[2026-06-25 06:48:01]            ~~~~~~~~~~~~~~~~~~~^^^^^^^^^^^^^^^^^^^^^^^^^^^^^^^^^^^^^^^
[2026-06-25 06:48:01]   File "/home/hetaisheng/miniconda3/lib/python3.13/pathlib/_abc.py", line 652, in write_text
[2026-06-25 06:48:01]     return f.write(data)
[2026-06-25 06:48:01]            ~~~~~~~^^^^^^
[2026-06-25 06:48:01] OSError: [Errno 28] No space left on device
[2026-06-25 06:48:06] ✓ 盘口已推送VPS
[2026-06-25 06:48:38] VPS重算: 200
[2026-06-25 06:56:01] 抓到 14 场
[2026-06-25 06:56:06] ✓ 盘口已推送VPS
[2026-06-25 06:57:24] VPS重算: 200
[2026-06-25 07:00:01] 抓到 14 场
[2026-06-25 07:00:05] ✓ 盘口已推送VPS
[2026-06-25 07:00:07] VPS重算: 200
[2026-06-25 07:08:01] 抓到 14 场
[2026-06-25 07:08:06] ✓ 盘口已推送VPS
[2026-06-25 07:08:08] VPS重算: 200
[2026-06-25 07:16:01] 抓到 14 场
[2026-06-25 07:16:06] ✓ 盘口已推送VPS
[2026-06-25 07:16:07] VPS重算: 200
[2026-06-25 07:24:01] 抓到 14 场
[2026-06-25 07:24:07] ✓ 盘口已推送VPS
[2026-06-25 07:25:08] VPS重算: 200
[2026-06-25 07:32:01] 抓到 14 场
[2026-06-25 07:32:07] ✓ 盘口已推送VPS
[2026-06-25 07:32:39] VPS重算: 200
[2026-06-25 07:40:01] 抓到 14 场
[2026-06-25 07:40:07] ✓ 盘口已推送VPS
[2026-06-25 07:40:38] VPS重算: 200
[2026-06-25 07:48:01] 抓到 14 场
[2026-06-25 07:48:07] ✓ 盘口已推送VPS
[2026-06-25 07:48:08] VPS重算: 200
[2026-06-25 07:56:01] 抓到 14 场
[2026-06-25 07:56:08] ✓ 盘口已推送VPS
[2026-06-25 07:56:10] VPS重算: 200
[2026-06-25 08:00:01] 抓到 14 场
[2026-06-25 08:00:05] ✓ 盘口已推送VPS
[2026-06-25 08:00:37] VPS重算: 200
[2026-06-25 08:08:01] 抓到 14 场
[2026-06-25 08:08:06] ✓ 盘口已推送VPS
[2026-06-25 08:08:08] VPS重算: 200
[2026-06-25 08:16:01] 抓到 14 场
[2026-06-25 08:16:06] ✓ 盘口已推送VPS
[2026-06-25 08:16:38] VPS重算: 200
[2026-06-25 08:24:01] 抓到 14 场
[2026-06-25 08:24:05] ✓ 盘口已推送VPS
[2026-06-25 08:24:07] VPS重算: 200
[2026-06-25 08:32:01] 抓到 14 场
[2026-06-25 08:32:08] ✓ 盘口已推送VPS
[2026-06-25 08:32:10] VPS重算: 200
[2026-06-25 08:40:01] 抓到 14 场
[2026-06-25 08:40:07] ✓ 盘口已推送VPS
[2026-06-25 08:41:08] VPS重算: 200
[2026-06-25 08:48:01] 抓到 14 场
[2026-06-25 08:48:07] ✓ 盘口已推送VPS
[2026-06-25 08:48:09] VPS重算: 200
[2026-06-25 08:56:01] 抓到 14 场
[2026-06-25 08:56:07] ✓ 盘口已推送VPS
[2026-06-25 08:56:08] VPS重算: 200
[2026-06-25 09:00:01] 抓到 14 场
[2026-06-25 09:00:06] ✓ 盘口已推送VPS
[2026-06-25 09:00:07] VPS重算: 200
[2026-06-25 09:08:01] 抓到 12 场
[2026-06-25 09:08:07] ✓ 盘口已推送VPS
[2026-06-25 09:08:09] VPS重算: 200
[2026-06-25 09:16:01] 抓到 12 场
[2026-06-25 09:16:07] ✓ 盘口已推送VPS
[2026-06-25 09:16:39] VPS重算: 200
[2026-06-25 09:24:01] 抓到 12 场
[2026-06-25 09:24:06] ✓ 盘口已推送VPS
[2026-06-25 09:24:38] VPS重算: 200
[2026-06-25 09:32:01] 抓到 12 场
[2026-06-25 09:32:07] ✓ 盘口已推送VPS
[2026-06-25 09:32:09] VPS重算: 200
[2026-06-25 09:40:01] 抓到 12 场
[2026-06-25 09:40:07] ✓ 盘口已推送VPS
[2026-06-25 09:40:09] VPS重算: 200
[2026-06-25 09:48:01] 抓到 12 场
[2026-06-25 09:48:06] ✓ 盘口已推送VPS
[2026-06-25 09:48:38] VPS重算: 200
[2026-06-25 09:56:01] 抓到 12 场
[2026-06-25 09:56:08] ✓ 盘口已推送VPS
[2026-06-25 09:56:10] VPS重算: 200
[2026-06-25 10:00:01] 抓到 12 场
[2026-06-25 10:00:06] ✓ 盘口已推送VPS
[2026-06-25 10:01:08] VPS重算: 200
[2026-06-25 10:08:01] 抓到 12 场
[2026-06-25 10:08:06] ✓ 盘口已推送VPS
[2026-06-25 10:08:38] VPS重算: 200
[2026-06-25 10:16:01] 抓到 12 场
[2026-06-25 10:16:08] ✓ 盘口已推送VPS
[2026-06-25 10:16:40] VPS重算: 200
[2026-06-25 10:24:01] 抓到 12 场
[2026-06-25 10:24:07] ✓ 盘口已推送VPS
[2026-06-25 10:24:08] VPS重算: 200
[2026-06-25 10:32:02] 抓到 12 场
[2026-06-25 10:32:08] ✓ 盘口已推送VPS
[2026-06-25 10:33:38] VPS重算: 000
[2026-06-25 10:40:01] 抓到 12 场
[2026-06-25 10:40:06] ✓ 盘口已推送VPS
[2026-06-25 10:41:36] VPS重算: 000
[2026-06-25 10:48:06] 抓到 12 场
[2026-06-25 10:48:11] ✓ 盘口已推送VPS
[2026-06-25 10:48:13] VPS重算: 200
[2026-06-25 10:56:01] /home/hetaisheng/soccerdata/wc_analysis/push_odds.sh: 行 10: .venv/bin/python: 没有那个文件或目录
[2026-06-25 10:56:06] ✓ 盘口已推送VPS
[2026-06-25 10:57:36] VPS重算: 000
[2026-06-25 11:00:01] /home/hetaisheng/soccerdata/wc_analysis/push_odds.sh: 行 10: .venv/bin/python: 没有那个文件或目录
[2026-06-25 11:00:06] ✓ 盘口已推送VPS
[2026-06-25 11:00:37] VPS重算: 200
[2026-06-25 11:08:02] /home/hetaisheng/soccerdata/wc_analysis/push_odds.sh: 行 10: .venv/bin/python: 没有那个文件或目录
[2026-06-25 11:08:06] ✓ 盘口已推送VPS
[2026-06-25 11:08:08] VPS重算: 200
[2026-06-25 11:16:01] /home/hetaisheng/soccerdata/wc_analysis/push_odds.sh: 行 10: .venv/bin/python: 没有那个文件或目录
[2026-06-25 11:16:06] ✓ 盘口已推送VPS
[2026-06-25 11:16:38] VPS重算: 200
[2026-06-25 11:24:01] /home/hetaisheng/soccerdata/wc_analysis/push_odds.sh: 行 10: .venv/bin/python: 没有那个文件或目录
[2026-06-25 11:24:06] ✓ 盘口已推送VPS
[2026-06-25 11:24:37] VPS重算: 200
[2026-06-25 11:32:11] /home/hetaisheng/soccerdata/wc_analysis/push_odds.sh: 行 10: .venv/bin/python: 没有那个文件或目录
[2026-06-25 11:32:27] ✗ 推送失败(VPS不可达或免密未配)
[2026-06-25 11:40:01] /home/hetaisheng/soccerdata/wc_analysis/push_odds.sh: 行 10: .venv/bin/python: 没有那个文件或目录
[2026-06-25 11:40:05] ✓ 盘口已推送VPS
[2026-06-25 11:41:07] VPS重算: 200
[2026-06-25 11:48:01] /home/hetaisheng/soccerdata/wc_analysis/push_odds.sh: 行 10: .venv/bin/python: 没有那个文件或目录
[2026-06-25 11:48:06] ✓ 盘口已推送VPS
[2026-06-25 11:48:38] VPS重算: 200
[2026-06-25 11:56:01] /home/hetaisheng/soccerdata/wc_analysis/push_odds.sh: 行 10: .venv/bin/python: 没有那个文件或目录
[2026-06-25 11:56:06] ✓ 盘口已推送VPS
[2026-06-25 11:57:09] VPS重算: 200
[2026-06-25 12:00:01] /home/hetaisheng/soccerdata/wc_analysis/push_odds.sh: 行 10: .venv/bin/python: 没有那个文件或目录
[2026-06-25 12:00:06] ✓ 盘口已推送VPS
[2026-06-25 12:00:38] VPS重算: 200
[2026-06-25 12:08:01] /home/hetaisheng/soccerdata/wc_analysis/push_odds.sh: 行 10: .venv/bin/python: 没有那个文件或目录
[2026-06-25 12:08:06] ✓ 盘口已推送VPS
[2026-06-25 12:08:08] VPS重算: 200
[2026-06-25 12:16:01] /home/hetaisheng/soccerdata/wc_analysis/push_odds.sh: 行 10: .venv/bin/python: 没有那个文件或目录
[2026-06-25 12:16:06] ✓ 盘口已推送VPS
[2026-06-25 12:16:06] VPS重算: 502
[2026-06-25 12:24:01] /home/hetaisheng/soccerdata/wc_analysis/push_odds.sh: 行 10: .venv/bin/python: 没有那个文件或目录
[2026-06-25 12:24:06] ✓ 盘口已推送VPS
[2026-06-25 12:24:07] VPS重算: 200
[2026-06-25 12:32:01] /home/hetaisheng/soccerdata/wc_analysis/push_odds.sh: 行 10: .venv/bin/python: 没有那个文件或目录
[2026-06-25 12:32:05] ✓ 盘口已推送VPS
[2026-06-25 12:32:07] VPS重算: 200
[2026-06-25 12:40:01] /home/hetaisheng/soccerdata/wc_analysis/push_odds.sh: 行 10: .venv/bin/python: 没有那个文件或目录
[2026-06-25 12:40:11] ✓ 盘口已推送VPS
[2026-06-25 12:41:13] VPS重算: 200
[2026-06-25 12:48:01] /home/hetaisheng/soccerdata/wc_analysis/push_odds.sh: 行 10: .venv/bin/python: 没有那个文件或目录
[2026-06-25 12:48:05] ✓ 盘口已推送VPS
[2026-06-25 12:48:07] VPS重算: 200
[2026-06-25 12:56:01] /home/hetaisheng/soccerdata/wc_analysis/push_odds.sh: 行 10: .venv/bin/python: 没有那个文件或目录
[2026-06-25 12:56:06] ✓ 盘口已推送VPS
[2026-06-25 12:56:07] VPS重算: 200
[2026-06-25 13:00:02] /home/hetaisheng/soccerdata/wc_analysis/push_odds.sh: 行 10: .venv/bin/python: 没有那个文件或目录
[2026-06-25 13:00:06] ✓ 盘口已推送VPS
[2026-06-25 13:01:08] VPS重算: 200
[2026-06-25 13:08:01] /home/hetaisheng/soccerdata/wc_analysis/push_odds.sh: 行 10: .venv/bin/python: 没有那个文件或目录
[2026-06-25 13:08:06] ✓ 盘口已推送VPS
[2026-06-25 13:08:07] VPS重算: 200
[2026-06-25 13:16:01] /home/hetaisheng/soccerdata/wc_analysis/push_odds.sh: 行 10: .venv/bin/python: 没有那个文件或目录
[2026-06-25 13:16:05] ✓ 盘口已推送VPS
[2026-06-25 13:16:37] VPS重算: 200
[2026-06-25 13:24:01] /home/hetaisheng/soccerdata/wc_analysis/push_odds.sh: 行 10: .venv/bin/python: 没有那个文件或目录
[2026-06-25 13:24:06] ✓ 盘口已推送VPS
[2026-06-25 13:24:37] VPS重算: 200
[2026-06-25 13:32:01] /home/hetaisheng/soccerdata/wc_analysis/push_odds.sh: 行 10: .venv/bin/python: 没有那个文件或目录
[2026-06-25 13:32:05] ✓ 盘口已推送VPS
[2026-06-25 13:32:07] VPS重算: 200
[2026-06-25 13:40:01] /home/hetaisheng/soccerdata/wc_analysis/push_odds.sh: 行 10: .venv/bin/python: 没有那个文件或目录
[2026-06-25 13:40:05] ✓ 盘口已推送VPS
[2026-06-25 13:40:07] VPS重算: 200
[2026-06-25 13:48:01] /home/hetaisheng/soccerdata/wc_analysis/push_odds.sh: 行 10: .venv/bin/python: 没有那个文件或目录
[2026-06-25 13:48:06] ✓ 盘口已推送VPS
[2026-06-25 13:49:08] VPS重算: 200
[2026-06-25 13:56:01] /home/hetaisheng/soccerdata/wc_analysis/push_odds.sh: 行 10: .venv/bin/python: 没有那个文件或目录
[2026-06-25 13:56:08] ✓ 盘口已推送VPS
[2026-06-25 13:56:39] VPS重算: 200
[2026-06-25 14:00:02] /home/hetaisheng/soccerdata/wc_analysis/push_odds.sh: 行 10: .venv/bin/python: 没有那个文件或目录
[2026-06-25 14:00:06] ✓ 盘口已推送VPS
[2026-06-25 14:00:08] VPS重算: 200
[2026-06-25 14:08:01] /home/hetaisheng/soccerdata/wc_analysis/push_odds.sh: 行 10: .venv/bin/python: 没有那个文件或目录
[2026-06-25 14:08:06] ✓ 盘口已推送VPS
[2026-06-25 14:08:08] VPS重算: 200
[2026-06-25 14:16:01] /home/hetaisheng/soccerdata/wc_analysis/push_odds.sh: 行 10: .venv/bin/python: 没有那个文件或目录
[2026-06-25 14:16:06] ✓ 盘口已推送VPS
[2026-06-25 14:16:37] VPS重算: 200
[2026-06-25 14:34:38] /home/hetaisheng/soccerdata/wc_analysis/push_odds.sh: 行 10: .venv/bin/python: 没有那个文件或目录
[2026-06-25 14:34:38] /home/hetaisheng/soccerdata/wc_analysis/push_odds.sh: 行 10: .venv/bin/python: 没有那个文件或目录
[2026-06-25 14:34:44] ✓ 盘口已推送VPS
[2026-06-25 14:34:44] ✓ 盘口已推送VPS
[2026-06-25 14:35:16] VPS重算: 200
[2026-06-25 14:35:40] VPS重算: 200
[2026-06-25 14:40:01] /home/hetaisheng/soccerdata/wc_analysis/push_odds.sh: 行 10: .venv/bin/python: 没有那个文件或目录
[2026-06-25 14:40:06] ✓ 盘口已推送VPS
[2026-06-25 14:41:36] VPS重算: 000
[2026-06-25 18:56:01] /home/hetaisheng/soccerdata/wc_analysis/push_odds.sh: 行 10: .venv/bin/python: 没有那个文件或目录
[2026-06-25 18:56:07] ✓ 盘口已推送VPS
[2026-06-25 18:56:39] VPS重算: 200
[2026-06-25 19:00:01] /home/hetaisheng/soccerdata/wc_analysis/push_odds.sh: 行 10: .venv/bin/python: 没有那个文件或目录
[2026-06-25 19:00:06] ✓ 盘口已推送VPS
[2026-06-25 19:00:37] VPS重算: 200
[2026-06-25 19:08:01] /home/hetaisheng/soccerdata/wc_analysis/push_odds.sh: 行 10: .venv/bin/python: 没有那个文件或目录
[2026-06-25 19:08:06] ✓ 盘口已推送VPS
[2026-06-25 19:08:08] VPS重算: 200
[2026-06-25 19:16:01] /home/hetaisheng/soccerdata/wc_analysis/push_odds.sh: 行 10: .venv/bin/python: 没有那个文件或目录
[2026-06-25 19:16:05] ✓ 盘口已推送VPS
[2026-06-25 19:17:35] VPS重算: 000
[2026-06-25 19:24:01] /home/hetaisheng/soccerdata/wc_analysis/push_odds.sh: 行 10: .venv/bin/python: 没有那个文件或目录
[2026-06-25 19:24:06] ✓ 盘口已推送VPS
[2026-06-25 19:24:37] VPS重算: 200
[2026-06-25 19:32:01] /home/hetaisheng/soccerdata/wc_analysis/push_odds.sh: 行 10: .venv/bin/python: 没有那个文件或目录
[2026-06-25 19:32:06] ✓ 盘口已推送VPS
[2026-06-25 19:33:36] VPS重算: 000
[2026-06-25 19:40:01] /home/hetaisheng/soccerdata/wc_analysis/push_odds.sh: 行 10: .venv/bin/python: 没有那个文件或目录
[2026-06-25 19:40:05] ✓ 盘口已推送VPS
[2026-06-25 19:40:07] VPS重算: 200
[2026-06-25 19:48:01] /home/hetaisheng/soccerdata/wc_analysis/push_odds.sh: 行 10: .venv/bin/python: 没有那个文件或目录
[2026-06-25 19:48:06] ✓ 盘口已推送VPS
[2026-06-25 19:48:38] VPS重算: 200
[2026-06-25 19:56:01] /home/hetaisheng/soccerdata/wc_analysis/push_odds.sh: 行 10: .venv/bin/python: 没有那个文件或目录
[2026-06-25 19:56:05] ✓ 盘口已推送VPS
[2026-06-25 19:57:35] VPS重算: 000
[2026-06-25 20:00:01] /home/hetaisheng/soccerdata/wc_analysis/push_odds.sh: 行 10: .venv/bin/python: 没有那个文件或目录
[2026-06-25 20:00:06] ✓ 盘口已推送VPS
[2026-06-25 20:01:08] VPS重算: 200
[2026-06-25 20:08:01] /home/hetaisheng/soccerdata/wc_analysis/push_odds.sh: 行 10: .venv/bin/python: 没有那个文件或目录
[2026-06-25 20:08:06] ✓ 盘口已推送VPS
[2026-06-25 20:08:08] VPS重算: 200
[2026-06-25 20:16:01] /home/hetaisheng/soccerdata/wc_analysis/push_odds.sh: 行 10: .venv/bin/python: 没有那个文件或目录
[2026-06-25 20:16:06] ✓ 盘口已推送VPS
[2026-06-25 20:17:36] VPS重算: 000
[2026-06-25 20:24:01] /home/hetaisheng/soccerdata/wc_analysis/push_odds.sh: 行 10: .venv/bin/python: 没有那个文件或目录
[2026-06-25 20:24:05] ✓ 盘口已推送VPS
[2026-06-25 20:24:37] VPS重算: 200
[2026-06-25 20:32:01] /home/hetaisheng/soccerdata/wc_analysis/push_odds.sh: 行 10: .venv/bin/python: 没有那个文件或目录
[2026-06-25 20:32:06] ✓ 盘口已推送VPS
[2026-06-25 20:33:36] VPS重算: 000
[2026-06-25 20:40:01] /home/hetaisheng/soccerdata/wc_analysis/push_odds.sh: 行 10: .venv/bin/python: 没有那个文件或目录
[2026-06-25 20:40:06] ✓ 盘口已推送VPS
[2026-06-25 20:41:36] VPS重算: 000
[2026-06-25 20:48:01] /home/hetaisheng/soccerdata/wc_analysis/push_odds.sh: 行 10: .venv/bin/python: 没有那个文件或目录
[2026-06-25 20:48:06] ✓ 盘口已推送VPS
[2026-06-25 20:48:07] VPS重算: 200
[2026-06-25 20:56:01] /home/hetaisheng/soccerdata/wc_analysis/push_odds.sh: 行 10: .venv/bin/python: 没有那个文件或目录
[2026-06-25 20:56:07] ✓ 盘口已推送VPS
[2026-06-25 20:56:38] VPS重算: 200
[2026-06-25 21:00:01] /home/hetaisheng/soccerdata/wc_analysis/push_odds.sh: 行 10: .venv/bin/python: 没有那个文件或目录
[2026-06-25 21:00:06] ✓ 盘口已推送VPS
[2026-06-25 21:00:08] VPS重算: 200
[2026-06-25 21:08:01] /home/hetaisheng/soccerdata/wc_analysis/push_odds.sh: 行 10: .venv/bin/python: 没有那个文件或目录
[2026-06-25 21:08:06] ✓ 盘口已推送VPS
[2026-06-25 21:08:33] VPS重算: 200
[2026-06-25 21:16:01] /home/hetaisheng/soccerdata/wc_analysis/push_odds.sh: 行 10: .venv/bin/python: 没有那个文件或目录
[2026-06-25 21:16:06] ✓ 盘口已推送VPS
[2026-06-25 21:16:07] VPS重算: 502
[2026-06-25 21:24:01] /home/hetaisheng/soccerdata/wc_analysis/push_odds.sh: 行 10: .venv/bin/python: 没有那个文件或目录
[2026-06-25 21:24:06] ✓ 盘口已推送VPS
[2026-06-25 21:24:08] VPS重算: 200
[2026-06-25 21:32:01] /home/hetaisheng/soccerdata/wc_analysis/push_odds.sh: 行 10: .venv/bin/python: 没有那个文件或目录
[2026-06-25 21:32:05] ✓ 盘口已推送VPS
[2026-06-25 21:32:36] VPS重算: 200
[2026-06-25 21:40:01] /home/hetaisheng/soccerdata/wc_analysis/push_odds.sh: 行 10: .venv/bin/python: 没有那个文件或目录
[2026-06-25 21:40:06] ✓ 盘口已推送VPS
[2026-06-25 21:41:08] VPS重算: 200
[2026-06-25 21:48:01] /home/hetaisheng/soccerdata/wc_analysis/push_odds.sh: 行 10: .venv/bin/python: 没有那个文件或目录
[2026-06-25 21:48:06] ✓ 盘口已推送VPS
[2026-06-25 21:48:07] VPS重算: 200
[2026-06-25 21:56:01] /home/hetaisheng/soccerdata/wc_analysis/push_odds.sh: 行 10: .venv/bin/python: 没有那个文件或目录
[2026-06-25 21:56:06] ✓ 盘口已推送VPS
[2026-06-25 21:57:36] VPS重算: 000
[2026-06-25 22:00:01] /home/hetaisheng/soccerdata/wc_analysis/push_odds.sh: 行 10: .venv/bin/python: 没有那个文件或目录
[2026-06-25 22:00:06] ✓ 盘口已推送VPS
[2026-06-25 22:01:36] VPS重算: 000
[2026-06-25 22:08:01] /home/hetaisheng/soccerdata/wc_analysis/push_odds.sh: 行 10: .venv/bin/python: 没有那个文件或目录
[2026-06-25 22:08:07] ✓ 盘口已推送VPS
[2026-06-25 22:08:08] VPS重算: 200
[2026-06-25 22:16:01] /home/hetaisheng/soccerdata/wc_analysis/push_odds.sh: 行 10: .venv/bin/python: 没有那个文件或目录
[2026-06-25 22:16:06] ✓ 盘口已推送VPS
[2026-06-25 22:16:08] VPS重算: 200
[2026-06-25 22:24:01] /home/hetaisheng/soccerdata/wc_analysis/push_odds.sh: 行 10: .venv/bin/python: 没有那个文件或目录
[2026-06-25 22:24:07] ✓ 盘口已推送VPS
[2026-06-25 22:25:37] VPS重算: 000
[2026-06-25 22:32:01] /home/hetaisheng/soccerdata/wc_analysis/push_odds.sh: 行 10: .venv/bin/python: 没有那个文件或目录
[2026-06-25 22:32:07] ✓ 盘口已推送VPS
[2026-06-25 22:32:39] VPS重算: 200
[2026-06-25 22:40:01] /home/hetaisheng/soccerdata/wc_analysis/push_odds.sh: 行 10: .venv/bin/python: 没有那个文件或目录
[2026-06-25 22:40:08] ✓ 盘口已推送VPS
[2026-06-25 22:40:10] VPS重算: 200
[2026-06-25 22:48:01] /home/hetaisheng/soccerdata/wc_analysis/push_odds.sh: 行 10: .venv/bin/python: 没有那个文件或目录
[2026-06-25 22:48:06] ✓ 盘口已推送VPS
[2026-06-25 22:49:36] VPS重算: 000
[2026-06-25 22:56:01] /home/hetaisheng/soccerdata/wc_analysis/push_odds.sh: 行 10: .venv/bin/python: 没有那个文件或目录
[2026-06-25 22:56:06] ✓ 盘口已推送VPS
[2026-06-25 22:57:36] VPS重算: 000
[2026-06-25 23:00:01] /home/hetaisheng/soccerdata/wc_analysis/push_odds.sh: 行 10: .venv/bin/python: 没有那个文件或目录
[2026-06-25 23:00:07] ✓ 盘口已推送VPS
[2026-06-25 23:00:08] VPS重算: 200
[2026-06-25 23:08:01] /home/hetaisheng/soccerdata/wc_analysis/push_odds.sh: 行 10: .venv/bin/python: 没有那个文件或目录
[2026-06-25 23:08:06] ✓ 盘口已推送VPS
[2026-06-25 23:08:38] VPS重算: 200
[2026-06-25 23:16:01] /home/hetaisheng/soccerdata/wc_analysis/push_odds.sh: 行 10: .venv/bin/python: 没有那个文件或目录
[2026-06-25 23:16:06] ✓ 盘口已推送VPS
[2026-06-25 23:16:08] VPS重算: 200
[2026-06-25 23:24:01] /home/hetaisheng/soccerdata/wc_analysis/push_odds.sh: 行 10: .venv/bin/python: 没有那个文件或目录
[2026-06-25 23:24:06] ✓ 盘口已推送VPS
[2026-06-25 23:24:07] VPS重算: 200
[2026-06-25 23:32:01] /home/hetaisheng/soccerdata/wc_analysis/push_odds.sh: 行 10: .venv/bin/python: 没有那个文件或目录
[2026-06-25 23:32:07] ✓ 盘口已推送VPS
[2026-06-25 23:33:37] VPS重算: 000
[2026-06-25 23:40:01] /home/hetaisheng/soccerdata/wc_analysis/push_odds.sh: 行 10: .venv/bin/python: 没有那个文件或目录
[2026-06-25 23:40:06] ✓ 盘口已推送VPS
[2026-06-25 23:40:08] VPS重算: 200
[2026-06-25 23:48:01] /home/hetaisheng/soccerdata/wc_analysis/push_odds.sh: 行 10: .venv/bin/python: 没有那个文件或目录
[2026-06-25 23:48:06] ✓ 盘口已推送VPS
[2026-06-25 23:48:38] VPS重算: 200
[2026-06-25 23:56:01] /home/hetaisheng/soccerdata/wc_analysis/push_odds.sh: 行 10: .venv/bin/python: 没有那个文件或目录
[2026-06-25 23:56:06] ✓ 盘口已推送VPS
[2026-06-25 23:57:09] VPS重算: 200
[2026-06-26 00:00:01] /home/hetaisheng/soccerdata/wc_analysis/push_odds.sh: 行 10: .venv/bin/python: 没有那个文件或目录
[2026-06-26 00:00:06] ✓ 盘口已推送VPS
[2026-06-26 00:01:07] VPS重算: 200
[2026-06-26 00:08:01] /home/hetaisheng/soccerdata/wc_analysis/push_odds.sh: 行 10: .venv/bin/python: 没有那个文件或目录
[2026-06-26 00:08:16] ✗ 推送失败(VPS不可达或免密未配)
[2026-06-26 00:16:01] /home/hetaisheng/soccerdata/wc_analysis/push_odds.sh: 行 10: .venv/bin/python: 没有那个文件或目录
[2026-06-26 00:16:17] ✗ 推送失败(VPS不可达或免密未配)
[2026-06-26 00:24:01] /home/hetaisheng/soccerdata/wc_analysis/push_odds.sh: 行 10: .venv/bin/python: 没有那个文件或目录
[2026-06-26 00:24:16] ✗ 推送失败(VPS不可达或免密未配)
[2026-06-26 00:32:01] /home/hetaisheng/soccerdata/wc_analysis/push_odds.sh: 行 10: .venv/bin/python: 没有那个文件或目录
[2026-06-26 00:32:16] ✗ 推送失败(VPS不可达或免密未配)
[2026-06-26 00:40:01] /home/hetaisheng/soccerdata/wc_analysis/push_odds.sh: 行 10: .venv/bin/python: 没有那个文件或目录
[2026-06-26 00:40:16] ✗ 推送失败(VPS不可达或免密未配)
[2026-06-26 00:48:01] /home/hetaisheng/soccerdata/wc_analysis/push_odds.sh: 行 10: .venv/bin/python: 没有那个文件或目录
[2026-06-26 00:48:16] ✗ 推送失败(VPS不可达或免密未配)
[2026-06-26 00:56:01] /home/hetaisheng/soccerdata/wc_analysis/push_odds.sh: 行 10: .venv/bin/python: 没有那个文件或目录
[2026-06-26 00:56:16] ✗ 推送失败(VPS不可达或免密未配)
[2026-06-26 01:00:01] /home/hetaisheng/soccerdata/wc_analysis/push_odds.sh: 行 10: .venv/bin/python: 没有那个文件或目录
[2026-06-26 01:00:16] ✗ 推送失败(VPS不可达或免密未配)
[2026-06-26 01:08:01] /home/hetaisheng/soccerdata/wc_analysis/push_odds.sh: 行 10: .venv/bin/python: 没有那个文件或目录
[2026-06-26 01:08:16] ✗ 推送失败(VPS不可达或免密未配)
[2026-06-26 01:16:01] /home/hetaisheng/soccerdata/wc_analysis/push_odds.sh: 行 10: .venv/bin/python: 没有那个文件或目录
[2026-06-26 01:16:16] ✗ 推送失败(VPS不可达或免密未配)
[2026-06-26 01:24:01] /home/hetaisheng/soccerdata/wc_analysis/push_odds.sh: 行 10: .venv/bin/python: 没有那个文件或目录
[2026-06-26 01:24:16] ✗ 推送失败(VPS不可达或免密未配)
[2026-06-26 01:32:01] /home/hetaisheng/soccerdata/wc_analysis/push_odds.sh: 行 10: .venv/bin/python: 没有那个文件或目录
[2026-06-26 01:32:16] ✗ 推送失败(VPS不可达或免密未配)
[2026-06-26 01:40:01] /home/hetaisheng/soccerdata/wc_analysis/push_odds.sh: 行 10: .venv/bin/python: 没有那个文件或目录
[2026-06-26 01:40:16] ✗ 推送失败(VPS不可达或免密未配)
[2026-06-26 01:48:01] /home/hetaisheng/soccerdata/wc_analysis/push_odds.sh: 行 10: .venv/bin/python: 没有那个文件或目录
[2026-06-26 01:48:16] ✗ 推送失败(VPS不可达或免密未配)
[2026-06-26 01:56:01] /home/hetaisheng/soccerdata/wc_analysis/push_odds.sh: 行 10: .venv/bin/python: 没有那个文件或目录
[2026-06-26 01:56:16] ✗ 推送失败(VPS不可达或免密未配)
[2026-06-26 02:00:01] /home/hetaisheng/soccerdata/wc_analysis/push_odds.sh: 行 10: .venv/bin/python: 没有那个文件或目录
[2026-06-26 02:00:16] ✗ 推送失败(VPS不可达或免密未配)
[2026-06-26 02:08:01] /home/hetaisheng/soccerdata/wc_analysis/push_odds.sh: 行 10: .venv/bin/python: 没有那个文件或目录
[2026-06-26 02:08:16] ✗ 推送失败(VPS不可达或免密未配)
[2026-06-26 02:16:01] /home/hetaisheng/soccerdata/wc_analysis/push_odds.sh: 行 10: .venv/bin/python: 没有那个文件或目录
[2026-06-26 02:16:16] ✗ 推送失败(VPS不可达或免密未配)
[2026-06-26 02:24:01] /home/hetaisheng/soccerdata/wc_analysis/push_odds.sh: 行 10: .venv/bin/python: 没有那个文件或目录
[2026-06-26 02:24:16] ✗ 推送失败(VPS不可达或免密未配)
[2026-06-26 02:32:01] /home/hetaisheng/soccerdata/wc_analysis/push_odds.sh: 行 10: .venv/bin/python: 没有那个文件或目录
[2026-06-26 02:32:17] ✗ 推送失败(VPS不可达或免密未配)
[2026-06-26 02:40:01] /home/hetaisheng/soccerdata/wc_analysis/push_odds.sh: 行 10: .venv/bin/python: 没有那个文件或目录
[2026-06-26 02:40:16] ✗ 推送失败(VPS不可达或免密未配)
[2026-06-26 02:48:01] /home/hetaisheng/soccerdata/wc_analysis/push_odds.sh: 行 10: .venv/bin/python: 没有那个文件或目录
[2026-06-26 02:48:16] ✗ 推送失败(VPS不可达或免密未配)
[2026-06-26 02:56:01] /home/hetaisheng/soccerdata/wc_analysis/push_odds.sh: 行 10: .venv/bin/python: 没有那个文件或目录
[2026-06-26 02:56:16] ✗ 推送失败(VPS不可达或免密未配)
[2026-06-26 03:00:01] /home/hetaisheng/soccerdata/wc_analysis/push_odds.sh: 行 10: .venv/bin/python: 没有那个文件或目录
[2026-06-26 03:00:16] ✗ 推送失败(VPS不可达或免密未配)
[2026-06-26 03:08:01] /home/hetaisheng/soccerdata/wc_analysis/push_odds.sh: 行 10: .venv/bin/python: 没有那个文件或目录
[2026-06-26 03:08:16] ✗ 推送失败(VPS不可达或免密未配)
[2026-06-26 03:16:01] /home/hetaisheng/soccerdata/wc_analysis/push_odds.sh: 行 10: .venv/bin/python: 没有那个文件或目录
[2026-06-26 03:16:16] ✗ 推送失败(VPS不可达或免密未配)
[2026-06-26 03:24:01] /home/hetaisheng/soccerdata/wc_analysis/push_odds.sh: 行 10: .venv/bin/python: 没有那个文件或目录
[2026-06-26 03:24:16] ✗ 推送失败(VPS不可达或免密未配)
[2026-06-26 03:32:01] /home/hetaisheng/soccerdata/wc_analysis/push_odds.sh: 行 10: .venv/bin/python: 没有那个文件或目录
[2026-06-26 03:32:16] ✗ 推送失败(VPS不可达或免密未配)
[2026-06-26 03:40:01] /home/hetaisheng/soccerdata/wc_analysis/push_odds.sh: 行 10: .venv/bin/python: 没有那个文件或目录
[2026-06-26 03:40:06] ✓ 盘口已推送VPS
[2026-06-26 03:41:36] VPS重算: 000
[2026-06-26 03:48:01] /home/hetaisheng/soccerdata/wc_analysis/push_odds.sh: 行 10: .venv/bin/python: 没有那个文件或目录
[2026-06-26 03:48:06] ✓ 盘口已推送VPS
[2026-06-26 03:48:09] VPS重算: 200
[2026-06-26 03:56:01] /home/hetaisheng/soccerdata/wc_analysis/push_odds.sh: 行 10: .venv/bin/python: 没有那个文件或目录
[2026-06-26 03:56:06] ✓ 盘口已推送VPS
[2026-06-26 03:57:08] VPS重算: 200
[2026-06-26 04:00:01] /home/hetaisheng/soccerdata/wc_analysis/push_odds.sh: 行 10: .venv/bin/python: 没有那个文件或目录
[2026-06-26 04:00:06] ✓ 盘口已推送VPS
[2026-06-26 04:00:39] VPS重算: 200
[2026-06-26 04:08:01] /home/hetaisheng/soccerdata/wc_analysis/push_odds.sh: 行 10: .venv/bin/python: 没有那个文件或目录
[2026-06-26 04:08:05] ✓ 盘口已推送VPS
[2026-06-26 04:08:07] VPS重算: 200
[2026-06-26 04:16:01] /home/hetaisheng/soccerdata/wc_analysis/push_odds.sh: 行 10: .venv/bin/python: 没有那个文件或目录
[2026-06-26 04:18:02] ✗ 推送失败(VPS不可达或免密未配)
[2026-06-26 04:24:01] /home/hetaisheng/soccerdata/wc_analysis/push_odds.sh: 行 10: .venv/bin/python: 没有那个文件或目录
[2026-06-26 04:24:54] ✓ 盘口已推送VPS
[2026-06-26 04:24:56] VPS重算: 200
[2026-06-26 04:32:01] /home/hetaisheng/soccerdata/wc_analysis/push_odds.sh: 行 10: .venv/bin/python: 没有那个文件或目录
[2026-06-26 04:32:06] ✓ 盘口已推送VPS
[2026-06-26 04:32:38] VPS重算: 200
[2026-06-26 04:40:01] /home/hetaisheng/soccerdata/wc_analysis/push_odds.sh: 行 10: .venv/bin/python: 没有那个文件或目录
[2026-06-26 04:40:06] ✓ 盘口已推送VPS
[2026-06-26 04:40:08] VPS重算: 200
[2026-06-26 04:48:01] /home/hetaisheng/soccerdata/wc_analysis/push_odds.sh: 行 10: .venv/bin/python: 没有那个文件或目录
[2026-06-26 04:48:06] ✓ 盘口已推送VPS
[2026-06-26 04:48:08] VPS重算: 200
[2026-06-26 04:56:01] /home/hetaisheng/soccerdata/wc_analysis/push_odds.sh: 行 10: .venv/bin/python: 没有那个文件或目录
[2026-06-26 04:56:06] ✓ 盘口已推送VPS
[2026-06-26 04:57:10] VPS重算: 200
[2026-06-26 05:00:01] /home/hetaisheng/soccerdata/wc_analysis/push_odds.sh: 行 10: .venv/bin/python: 没有那个文件或目录
[2026-06-26 05:00:07] ✓ 盘口已推送VPS
[2026-06-26 05:01:14] VPS重算: 200
[2026-06-26 05:08:01] /home/hetaisheng/soccerdata/wc_analysis/push_odds.sh: 行 10: .venv/bin/python: 没有那个文件或目录
[2026-06-26 05:08:06] ✓ 盘口已推送VPS
[2026-06-26 05:09:08] VPS重算: 200
[2026-06-26 05:16:01] /home/hetaisheng/soccerdata/wc_analysis/push_odds.sh: 行 10: .venv/bin/python: 没有那个文件或目录
[2026-06-26 05:16:07] ✓ 盘口已推送VPS
[2026-06-26 05:16:09] VPS重算: 200
[2026-06-26 05:24:01] /home/hetaisheng/soccerdata/wc_analysis/push_odds.sh: 行 10: .venv/bin/python: 没有那个文件或目录
[2026-06-26 05:24:06] ✓ 盘口已推送VPS
[2026-06-26 05:24:08] VPS重算: 200
[2026-06-26 05:32:01] /home/hetaisheng/soccerdata/wc_analysis/push_odds.sh: 行 10: .venv/bin/python: 没有那个文件或目录
[2026-06-26 05:32:12] ✓ 盘口已推送VPS
[2026-06-26 05:32:15] VPS重算: 200
[2026-06-26 05:40:01] /home/hetaisheng/soccerdata/wc_analysis/push_odds.sh: 行 10: .venv/bin/python: 没有那个文件或目录
[2026-06-26 05:40:06] ✓ 盘口已推送VPS
[2026-06-26 05:41:36] VPS重算: 000
[2026-06-26 05:48:01] /home/hetaisheng/soccerdata/wc_analysis/push_odds.sh: 行 10: .venv/bin/python: 没有那个文件或目录
[2026-06-26 05:48:06] ✓ 盘口已推送VPS
[2026-06-26 05:49:07] VPS重算: 200
[2026-06-26 05:56:01] /home/hetaisheng/soccerdata/wc_analysis/push_odds.sh: 行 10: .venv/bin/python: 没有那个文件或目录
[2026-06-26 05:56:06] ✓ 盘口已推送VPS
[2026-06-26 05:57:09] VPS重算: 200
[2026-06-26 06:00:01] /home/hetaisheng/soccerdata/wc_analysis/push_odds.sh: 行 10: .venv/bin/python: 没有那个文件或目录
[2026-06-26 06:00:06] ✓ 盘口已推送VPS
[2026-06-26 06:01:36] VPS重算: 000
[2026-06-26 06:08:01] /home/hetaisheng/soccerdata/wc_analysis/push_odds.sh: 行 10: .venv/bin/python: 没有那个文件或目录
[2026-06-26 06:08:06] ✓ 盘口已推送VPS
[2026-06-26 06:08:08] VPS重算: 200
[2026-06-26 06:16:01] /home/hetaisheng/soccerdata/wc_analysis/push_odds.sh: 行 10: .venv/bin/python: 没有那个文件或目录
[2026-06-26 06:16:06] ✓ 盘口已推送VPS
[2026-06-26 06:17:08] VPS重算: 200
[2026-06-26 06:24:00] /home/hetaisheng/soccerdata/wc_analysis/push_odds.sh: 行 10: .venv/bin/python: 没有那个文件或目录
[2026-06-26 06:24:01] ✗ 推送失败(VPS不可达或免密未配)
[2026-06-26 06:32:01] /home/hetaisheng/soccerdata/wc_analysis/push_odds.sh: 行 10: .venv/bin/python: 没有那个文件或目录
[2026-06-26 06:32:06] ✓ 盘口已推送VPS
[2026-06-26 06:32:38] VPS重算: 200
[2026-06-26 06:40:01] /home/hetaisheng/soccerdata/wc_analysis/push_odds.sh: 行 10: .venv/bin/python: 没有那个文件或目录
[2026-06-26 06:40:06] ✓ 盘口已推送VPS
[2026-06-26 06:40:37] VPS重算: 200
[2026-06-26 06:48:01] /home/hetaisheng/soccerdata/wc_analysis/push_odds.sh: 行 10: .venv/bin/python: 没有那个文件或目录
[2026-06-26 06:48:06] ✓ 盘口已推送VPS
[2026-06-26 06:49:08] VPS重算: 200
[2026-06-26 06:56:01] /home/hetaisheng/soccerdata/wc_analysis/push_odds.sh: 行 10: .venv/bin/python: 没有那个文件或目录
[2026-06-26 06:56:05] ✓ 盘口已推送VPS
[2026-06-26 06:56:07] VPS重算: 200
[2026-06-26 07:00:01] /home/hetaisheng/soccerdata/wc_analysis/push_odds.sh: 行 10: .venv/bin/python: 没有那个文件或目录
[2026-06-26 07:00:05] ✓ 盘口已推送VPS
[2026-06-26 07:01:07] VPS重算: 200
[2026-06-26 07:08:01] /home/hetaisheng/soccerdata/wc_analysis/push_odds.sh: 行 10: .venv/bin/python: 没有那个文件或目录
[2026-06-26 07:08:06] ✓ 盘口已推送VPS
[2026-06-26 07:08:21] VPS重算: 200
[2026-06-26 07:16:01] /home/hetaisheng/soccerdata/wc_analysis/push_odds.sh: 行 10: .venv/bin/python: 没有那个文件或目录
[2026-06-26 07:16:06] ✓ 盘口已推送VPS
[2026-06-26 07:16:07] VPS重算: 200
[2026-06-26 07:24:02] /home/hetaisheng/soccerdata/wc_analysis/push_odds.sh: 行 10: .venv/bin/python: 没有那个文件或目录
[2026-06-26 07:24:06] ✓ 盘口已推送VPS
[2026-06-26 07:24:06] VPS重算: 200
[2026-06-26 07:32:01] /home/hetaisheng/soccerdata/wc_analysis/push_odds.sh: 行 10: .venv/bin/python: 没有那个文件或目录
[2026-06-26 07:32:06] ✓ 盘口已推送VPS
[2026-06-26 07:32:07] VPS重算: 200
[2026-06-26 07:40:01] /home/hetaisheng/soccerdata/wc_analysis/push_odds.sh: 行 10: .venv/bin/python: 没有那个文件或目录
[2026-06-26 07:40:05] ✓ 盘口已推送VPS
[2026-06-26 07:40:06] VPS重算: 200
[2026-06-26 07:48:01] /home/hetaisheng/soccerdata/wc_analysis/push_odds.sh: 行 10: .venv/bin/python: 没有那个文件或目录
[2026-06-26 07:48:05] ✓ 盘口已推送VPS
[2026-06-26 07:48:06] VPS重算: 200
[2026-06-26 07:56:01] /home/hetaisheng/soccerdata/wc_analysis/push_odds.sh: 行 10: .venv/bin/python: 没有那个文件或目录
[2026-06-26 07:56:05] ✓ 盘口已推送VPS
[2026-06-26 07:56:06] VPS重算: 200
[2026-06-26 08:00:01] /home/hetaisheng/soccerdata/wc_analysis/push_odds.sh: 行 10: .venv/bin/python: 没有那个文件或目录
[2026-06-26 08:00:05] ✓ 盘口已推送VPS
[2026-06-26 08:00:05] VPS重算: 200
[2026-06-26 08:08:01] /home/hetaisheng/soccerdata/wc_analysis/push_odds.sh: 行 10: .venv/bin/python: 没有那个文件或目录
[2026-06-26 08:08:05] ✓ 盘口已推送VPS
[2026-06-26 08:08:06] VPS重算: 200
[2026-06-26 08:16:01] /home/hetaisheng/soccerdata/wc_analysis/push_odds.sh: 行 10: .venv/bin/python: 没有那个文件或目录
[2026-06-26 08:16:06] ✓ 盘口已推送VPS
[2026-06-26 08:16:06] VPS重算: 200
[2026-06-26 08:24:01] /home/hetaisheng/soccerdata/wc_analysis/push_odds.sh: 行 10: .venv/bin/python: 没有那个文件或目录
[2026-06-26 08:24:05] ✓ 盘口已推送VPS
[2026-06-26 08:24:06] VPS重算: 200
[2026-06-26 08:32:01] /home/hetaisheng/soccerdata/wc_analysis/push_odds.sh: 行 10: .venv/bin/python: 没有那个文件或目录
[2026-06-26 08:32:05] ✓ 盘口已推送VPS
[2026-06-26 08:32:06] VPS重算: 200
[2026-06-26 08:40:01] /home/hetaisheng/soccerdata/wc_analysis/push_odds.sh: 行 10: .venv/bin/python: 没有那个文件或目录
[2026-06-26 08:40:06] ✓ 盘口已推送VPS
[2026-06-26 08:40:07] VPS重算: 200
[2026-06-26 08:48:01] /home/hetaisheng/soccerdata/wc_analysis/push_odds.sh: 行 10: .venv/bin/python: 没有那个文件或目录
[2026-06-26 08:48:06] ✓ 盘口已推送VPS
[2026-06-26 08:48:06] VPS重算: 200
[2026-06-26 08:56:01] /home/hetaisheng/soccerdata/wc_analysis/push_odds.sh: 行 10: .venv/bin/python: 没有那个文件或目录
[2026-06-26 08:56:06] ✓ 盘口已推送VPS
[2026-06-26 08:56:07] VPS重算: 200
[2026-06-26 09:00:01] /home/hetaisheng/soccerdata/wc_analysis/push_odds.sh: 行 10: .venv/bin/python: 没有那个文件或目录
[2026-06-26 09:00:05] ✓ 盘口已推送VPS
[2026-06-26 09:00:06] VPS重算: 200
[2026-06-26 09:08:01] /home/hetaisheng/soccerdata/wc_analysis/push_odds.sh: 行 10: .venv/bin/python: 没有那个文件或目录
[2026-06-26 09:08:05] ✓ 盘口已推送VPS
[2026-06-26 09:08:06] VPS重算: 200
[2026-06-26 09:48:01] /home/hetaisheng/soccerdata/wc_analysis/push_odds.sh: 行 10: .venv/bin/python: 没有那个文件或目录
[2026-06-26 09:48:06] ✓ 盘口已推送VPS
[2026-06-26 09:48:07] VPS重算: 200
[2026-06-26 09:56:01] /home/hetaisheng/soccerdata/wc_analysis/push_odds.sh: 行 10: .venv/bin/python: 没有那个文件或目录
[2026-06-26 09:56:06] ✓ 盘口已推送VPS
[2026-06-26 09:56:07] VPS重算: 200
[2026-06-26 10:00:01] /home/hetaisheng/soccerdata/wc_analysis/push_odds.sh: 行 10: .venv/bin/python: 没有那个文件或目录
[2026-06-26 10:00:04] ✓ 盘口已推送VPS
[2026-06-26 10:00:05] VPS重算: 200
[2026-06-26 10:08:01] /home/hetaisheng/soccerdata/wc_analysis/push_odds.sh: 行 10: .venv/bin/python: 没有那个文件或目录
[2026-06-26 10:08:06] ✓ 盘口已推送VPS
[2026-06-26 10:08:06] VPS重算: 200
[2026-06-26 10:16:01] /home/hetaisheng/soccerdata/wc_analysis/push_odds.sh: 行 10: .venv/bin/python: 没有那个文件或目录
[2026-06-26 10:16:05] ✓ 盘口已推送VPS
[2026-06-26 10:16:06] VPS重算: 200
[2026-06-26 10:24:01] /home/hetaisheng/soccerdata/wc_analysis/push_odds.sh: 行 10: .venv/bin/python: 没有那个文件或目录
[2026-06-26 10:24:07] ✓ 盘口已推送VPS
[2026-06-26 10:24:07] VPS重算: 200
[2026-06-26 10:32:01] /home/hetaisheng/soccerdata/wc_analysis/push_odds.sh: 行 10: .venv/bin/python: 没有那个文件或目录
[2026-06-26 10:32:05] ✓ 盘口已推送VPS
[2026-06-26 10:32:06] VPS重算: 200
[2026-06-26 10:40:01] /home/hetaisheng/soccerdata/wc_analysis/push_odds.sh: 行 10: .venv/bin/python: 没有那个文件或目录
[2026-06-26 10:40:06] ✓ 盘口已推送VPS
[2026-06-26 10:40:07] VPS重算: 200
[2026-06-26 10:48:01] /home/hetaisheng/soccerdata/wc_analysis/push_odds.sh: 行 10: .venv/bin/python: 没有那个文件或目录
[2026-06-26 10:48:06] ✓ 盘口已推送VPS
[2026-06-26 10:48:07] VPS重算: 200
[2026-06-26 10:56:01] /home/hetaisheng/soccerdata/wc_analysis/push_odds.sh: 行 10: .venv/bin/python: 没有那个文件或目录
[2026-06-26 10:56:06] ✓ 盘口已推送VPS
[2026-06-26 10:56:06] VPS重算: 200
[2026-06-26 11:00:01] /home/hetaisheng/soccerdata/wc_analysis/push_odds.sh: 行 10: .venv/bin/python: 没有那个文件或目录
[2026-06-26 11:00:06] ✓ 盘口已推送VPS
[2026-06-26 11:00:06] VPS重算: 200
[2026-06-26 11:08:01] /home/hetaisheng/soccerdata/wc_analysis/push_odds.sh: 行 10: .venv/bin/python: 没有那个文件或目录
[2026-06-26 11:08:07] ✓ 盘口已推送VPS
[2026-06-26 11:08:08] VPS重算: 200
[2026-06-26 11:16:01] /home/hetaisheng/soccerdata/wc_analysis/push_odds.sh: 行 10: .venv/bin/python: 没有那个文件或目录
[2026-06-26 11:16:05] ✓ 盘口已推送VPS
[2026-06-26 11:16:06] VPS重算: 200
[2026-06-26 11:24:01] /home/hetaisheng/soccerdata/wc_analysis/push_odds.sh: 行 10: .venv/bin/python: 没有那个文件或目录
[2026-06-26 11:24:06] ✓ 盘口已推送VPS
[2026-06-26 11:24:08] VPS重算: 200
[2026-06-26 12:32:01] /home/hetaisheng/soccerdata/wc_analysis/push_odds.sh: 行 10: .venv/bin/python: 没有那个文件或目录
[2026-06-26 12:32:06] ✓ 盘口已推送VPS
[2026-06-26 12:32:07] VPS重算: 200
[2026-06-26 12:40:01] /home/hetaisheng/soccerdata/wc_analysis/push_odds.sh: 行 10: .venv/bin/python: 没有那个文件或目录
[2026-06-26 12:40:06] ✓ 盘口已推送VPS
[2026-06-26 12:40:06] VPS重算: 200
[2026-06-26 12:48:01] /home/hetaisheng/soccerdata/wc_analysis/push_odds.sh: 行 10: .venv/bin/python: 没有那个文件或目录
[2026-06-26 12:48:05] ✓ 盘口已推送VPS
[2026-06-26 12:48:06] VPS重算: 200
[2026-06-26 12:56:01] /home/hetaisheng/soccerdata/wc_analysis/push_odds.sh: 行 10: .venv/bin/python: 没有那个文件或目录
[2026-06-26 12:56:06] ✓ 盘口已推送VPS
[2026-06-26 12:56:06] VPS重算: 200
[2026-06-26 13:00:01] /home/hetaisheng/soccerdata/wc_analysis/push_odds.sh: 行 10: .venv/bin/python: 没有那个文件或目录
[2026-06-26 13:00:05] ✓ 盘口已推送VPS
[2026-06-26 13:00:06] VPS重算: 200
[2026-06-26 13:08:01] /home/hetaisheng/soccerdata/wc_analysis/push_odds.sh: 行 10: .venv/bin/python: 没有那个文件或目录
[2026-06-26 13:08:05] ✓ 盘口已推送VPS
[2026-06-26 13:08:06] VPS重算: 200
[2026-06-26 13:16:01] /home/hetaisheng/soccerdata/wc_analysis/push_odds.sh: 行 10: .venv/bin/python: 没有那个文件或目录
[2026-06-26 13:16:06] ✓ 盘口已推送VPS
[2026-06-26 13:16:07] VPS重算: 200
[2026-06-26 13:24:01] /home/hetaisheng/soccerdata/wc_analysis/push_odds.sh: 行 10: .venv/bin/python: 没有那个文件或目录
[2026-06-26 13:24:05] ✓ 盘口已推送VPS
[2026-06-26 13:24:06] VPS重算: 200
[2026-06-26 13:32:01] /home/hetaisheng/soccerdata/wc_analysis/push_odds.sh: 行 10: .venv/bin/python: 没有那个文件或目录
[2026-06-26 13:32:06] ✓ 盘口已推送VPS
[2026-06-26 13:32:07] VPS重算: 200
[2026-06-26 13:40:01] /home/hetaisheng/soccerdata/wc_analysis/push_odds.sh: 行 10: .venv/bin/python: 没有那个文件或目录
[2026-06-26 13:40:06] ✓ 盘口已推送VPS
[2026-06-26 13:40:07] VPS重算: 200
[2026-06-26 13:48:01] /home/hetaisheng/soccerdata/wc_analysis/push_odds.sh: 行 10: .venv/bin/python: 没有那个文件或目录
[2026-06-26 13:48:05] ✓ 盘口已推送VPS
[2026-06-26 13:48:06] VPS重算: 200
[2026-06-26 13:56:01] /home/hetaisheng/soccerdata/wc_analysis/push_odds.sh: 行 10: .venv/bin/python: 没有那个文件或目录
[2026-06-26 13:56:06] ✓ 盘口已推送VPS
[2026-06-26 13:56:07] VPS重算: 200
[2026-06-26 14:00:01] /home/hetaisheng/soccerdata/wc_analysis/push_odds.sh: 行 10: .venv/bin/python: 没有那个文件或目录
[2026-06-26 14:00:05] ✓ 盘口已推送VPS
[2026-06-26 14:00:06] VPS重算: 200
[2026-06-26 14:08:01] /home/hetaisheng/soccerdata/wc_analysis/push_odds.sh: 行 10: .venv/bin/python: 没有那个文件或目录
[2026-06-26 14:08:06] ✓ 盘口已推送VPS
[2026-06-26 14:08:07] VPS重算: 200
[2026-06-26 14:16:01] /home/hetaisheng/soccerdata/wc_analysis/push_odds.sh: 行 10: .venv/bin/python: 没有那个文件或目录
[2026-06-26 14:16:06] ✓ 盘口已推送VPS
[2026-06-26 14:16:07] VPS重算: 200
[2026-06-26 14:24:01] /home/hetaisheng/soccerdata/wc_analysis/push_odds.sh: 行 10: .venv/bin/python: 没有那个文件或目录
[2026-06-26 14:24:06] ✓ 盘口已推送VPS
[2026-06-26 14:24:06] VPS重算: 200
[2026-06-26 14:32:01] /home/hetaisheng/soccerdata/wc_analysis/push_odds.sh: 行 10: .venv/bin/python: 没有那个文件或目录
[2026-06-26 14:32:05] ✓ 盘口已推送VPS
[2026-06-26 14:32:06] VPS重算: 200
[2026-06-26 14:40:01] /home/hetaisheng/soccerdata/wc_analysis/push_odds.sh: 行 10: .venv/bin/python: 没有那个文件或目录
[2026-06-26 14:40:05] ✓ 盘口已推送VPS
[2026-06-26 14:40:06] VPS重算: 200
[2026-06-26 14:48:01] /home/hetaisheng/soccerdata/wc_analysis/push_odds.sh: 行 10: .venv/bin/python: 没有那个文件或目录
[2026-06-26 14:48:05] ✓ 盘口已推送VPS
[2026-06-26 14:48:06] VPS重算: 200
[2026-06-26 14:56:01] /home/hetaisheng/soccerdata/wc_analysis/push_odds.sh: 行 10: .venv/bin/python: 没有那个文件或目录
[2026-06-26 14:56:05] ✓ 盘口已推送VPS
[2026-06-26 14:56:06] VPS重算: 200
[2026-06-26 15:00:01] /home/hetaisheng/soccerdata/wc_analysis/push_odds.sh: 行 10: .venv/bin/python: 没有那个文件或目录
[2026-06-26 15:00:05] ✓ 盘口已推送VPS
[2026-06-26 15:00:06] VPS重算: 200
[2026-06-26 15:08:01] /home/hetaisheng/soccerdata/wc_analysis/push_odds.sh: 行 10: .venv/bin/python: 没有那个文件或目录
[2026-06-26 15:08:05] ✓ 盘口已推送VPS
[2026-06-26 15:08:06] VPS重算: 200
[2026-06-26 15:16:01] /home/hetaisheng/soccerdata/wc_analysis/push_odds.sh: 行 10: .venv/bin/python: 没有那个文件或目录
[2026-06-26 15:16:05] ✓ 盘口已推送VPS
[2026-06-26 15:16:06] VPS重算: 200
[2026-06-26 15:24:01] /home/hetaisheng/soccerdata/wc_analysis/push_odds.sh: 行 10: .venv/bin/python: 没有那个文件或目录
[2026-06-26 15:24:05] ✓ 盘口已推送VPS
[2026-06-26 15:24:05] VPS重算: 200
[2026-06-26 15:32:01] /home/hetaisheng/soccerdata/wc_analysis/push_odds.sh: 行 10: .venv/bin/python: 没有那个文件或目录
[2026-06-26 15:32:06] ✓ 盘口已推送VPS
[2026-06-26 15:32:06] VPS重算: 200
[2026-06-26 15:40:01] /home/hetaisheng/soccerdata/wc_analysis/push_odds.sh: 行 10: .venv/bin/python: 没有那个文件或目录
[2026-06-26 15:40:06] ✓ 盘口已推送VPS
[2026-06-26 15:40:06] VPS重算: 200
[2026-06-26 15:48:01] /home/hetaisheng/soccerdata/wc_analysis/push_odds.sh: 行 10: .venv/bin/python: 没有那个文件或目录
[2026-06-26 15:48:05] ✓ 盘口已推送VPS
[2026-06-26 15:48:06] VPS重算: 200
[2026-06-26 15:56:01] /home/hetaisheng/soccerdata/wc_analysis/push_odds.sh: 行 10: .venv/bin/python: 没有那个文件或目录
[2026-06-26 15:56:06] ✓ 盘口已推送VPS
[2026-06-26 15:56:06] VPS重算: 200
[2026-06-26 16:00:01] /home/hetaisheng/soccerdata/wc_analysis/push_odds.sh: 行 10: .venv/bin/python: 没有那个文件或目录
[2026-06-26 16:00:06] ✓ 盘口已推送VPS
[2026-06-26 16:00:07] VPS重算: 200
[2026-06-26 16:08:01] /home/hetaisheng/soccerdata/wc_analysis/push_odds.sh: 行 10: .venv/bin/python: 没有那个文件或目录
[2026-06-26 16:08:06] ✓ 盘口已推送VPS
[2026-06-26 16:08:06] VPS重算: 200
[2026-06-26 16:16:01] /home/hetaisheng/soccerdata/wc_analysis/push_odds.sh: 行 10: .venv/bin/python: 没有那个文件或目录
[2026-06-26 16:16:05] ✓ 盘口已推送VPS
[2026-06-26 16:16:06] VPS重算: 200
[2026-06-26 16:24:01] /home/hetaisheng/soccerdata/wc_analysis/push_odds.sh: 行 10: .venv/bin/python: 没有那个文件或目录
[2026-06-26 16:24:06] ✓ 盘口已推送VPS
[2026-06-26 16:24:07] VPS重算: 200
