[2026-06-26 07:05:53] relay start
[2026-06-26 07:05:54] scrape: [07:05:53] Fetching sporttery from 4090 (China IP)...
  ✅ Got 14 matches
  ✅ Saved to odds_parsed.json
[2026-06-26 07:05:55] pulled odds_parsed.json from 4090
[2026-06-26 07:06:00] pushed to VPS
[2026-06-26 07:06:00] relay done
[2026-06-26 07:09:11] relay start
[2026-06-26 07:09:13] scrape: [07:09:12] Fetching sporttery from 4090 (China IP)...
  ✅ Got 14 matches
  ✅ Saved to odds_parsed.json
[2026-06-26 07:09:14] pulled odds_parsed.json from 4090
[2026-06-26 07:09:24] pushed to VPS
[2026-06-26 07:09:24] relay done
[2026-06-26 07:30:01] relay start
[2026-06-26 07:30:03] scrape: [07:30:02] Fetching sporttery from 4090 (China IP)...
  ✅ Got 14 matches
  ✅ Saved to odds_parsed.json
[2026-06-26 07:30:04] pulled odds_parsed.json from 4090
[2026-06-26 07:30:12] pushed to VPS
[2026-06-26 07:30:12] relay done
[2026-06-26 08:00:01] relay start
[2026-06-26 08:00:03] scrape: [08:00:02] Fetching sporttery from 4090 (China IP)...
  ✅ Got 14 matches
  ✅ Saved to odds_parsed.json
[2026-06-26 08:00:04] pulled odds_parsed.json from 4090
[2026-06-26 08:00:13] pushed to VPS
[2026-06-26 08:00:13] relay done
[2026-06-26 08:30:01] relay start
[2026-06-26 08:30:02] scrape: [08:30:02] Fetching sporttery from 4090 (China IP)...
  ✅ Got 14 matches
  ✅ Saved to odds_parsed.json
[2026-06-26 08:30:04] pulled odds_parsed.json from 4090
[2026-06-26 08:30:13] pushed to VPS
[2026-06-26 08:30:13] relay done
[2026-06-26 08:31:27] relay start
[2026-06-26 08:31:29] scrape: [08:31:28] Fetching sporttery from 4090 (China IP)...
  ✅ Got 14 matches
  ✅ Saved to odds_parsed.json
[2026-06-26 08:31:30] pulled odds_parsed.json from 4090
[2026-06-26 08:31:39] pushed to VPS
[2026-06-26 08:31:39] relay done
[2026-06-26 08:32:09] relay start
[2026-06-26 08:32:10] scrape: [08:32:09] Fetching sporttery from 4090 (China IP)...
  ✅ Got 14 matches
  ✅ Saved to odds_parsed.json
[2026-06-26 08:32:11] pulled odds_parsed.json from 4090
[2026-06-26 08:32:19] pushed to VPS
[2026-06-26 08:32:19] relay done
[2026-06-26 09:00:01] relay start
[2026-06-26 09:00:03] scrape: [09:00:02] Fetching sporttery from 4090 (China IP)...
  ✅ Got 14 matches
  ✅ Saved to odds_parsed.json
[2026-06-26 09:00:05] pulled odds_parsed.json from 4090
[2026-06-26 09:00:14] pushed to VPS
[2026-06-26 09:00:14] relay done
[2026-06-26 10:00:01] relay start
[2026-06-26 10:00:02] scrape: [10:00:02] Fetching sporttery from 4090 (China IP)...
  ✅ Got 12 matches
  ✅ Saved to odds_parsed.json
[2026-06-26 10:00:04] pulled odds_parsed.json from 4090
[2026-06-26 10:00:13] pushed to VPS
[2026-06-26 10:00:13] relay done
[2026-06-26 10:30:01] relay start
[2026-06-26 10:30:04] scrape: [10:30:02] Fetching sporttery from 4090 (China IP)...
  ✅ Got 12 matches
  ✅ Saved to odds_parsed.json
[2026-06-26 10:30:05] pulled odds_parsed.json from 4090
[2026-06-26 10:30:15] pushed to VPS
[2026-06-26 10:30:15] relay done
[2026-06-26 11:00:01] relay start
[2026-06-26 11:00:03] scrape: [11:00:03] Fetching sporttery from 4090 (China IP)...
  ✅ Got 12 matches
  ✅ Saved to odds_parsed.json
[2026-06-26 11:00:05] pulled odds_parsed.json from 4090
[2026-06-26 11:00:15] pushed to VPS
[2026-06-26 11:00:15] relay done
[2026-06-26 11:30:01] relay start
[2026-06-26 11:30:03] scrape: [11:30:02] Fetching sporttery from 4090 (China IP)...
  ✅ Got 13 matches
  ✅ Saved to odds_parsed.json
[2026-06-26 11:30:04] pulled odds_parsed.json from 4090
[2026-06-26 11:30:15] pushed to VPS
[2026-06-26 11:30:15] relay done
[2026-06-26 12:30:01] relay start
[2026-06-26 12:30:03] scrape: [12:30:02] Fetching sporttery from 4090 (China IP)...
  ✅ Got 13 matches
  ✅ Saved to odds_parsed.json
[2026-06-26 12:30:04] pulled odds_parsed.json from 4090
[2026-06-26 12:30:14] pushed to VPS
[2026-06-26 12:30:14] relay done
[2026-06-26 12:57:31] relay start
[2026-06-26 12:57:32] scrape: [12:57:32] Fetching sporttery from 4090 (China IP)...
  ✅ Got 13 matches
  ✅ Saved to odds_parsed.json
[2026-06-26 12:57:35] pulled odds_parsed.json from 4090
[2026-06-26 12:57:45] pushed to VPS
[2026-06-26 12:57:45] relay done
[2026-06-26 13:00:01] relay start
[2026-06-26 13:00:03] scrape: [13:00:02] Fetching sporttery from 4090 (China IP)...
  ✅ Got 13 matches
  ✅ Saved to odds_parsed.json
[2026-06-26 13:00:04] pulled odds_parsed.json from 4090
[2026-06-26 13:00:13] pushed to VPS
[2026-06-26 13:00:13] relay done
[2026-06-26 13:01:43] relay start
[2026-06-26 13:01:44] scrape: [13:01:44] Fetching sporttery from 4090 (China IP)...
  ✅ Got 13 matches
  ✅ Saved to odds_parsed.json
[2026-06-26 13:01:46] pulled odds_parsed.json from 4090
[2026-06-26 13:01:55] pushed to VPS
[2026-06-26 13:01:55] relay done
[2026-06-26 13:03:16] relay start
[2026-06-26 13:03:17] scrape: [13:03:17] Fetching sporttery from 4090 (China IP)...
  ✅ Got 13 matches
  ✅ Saved to odds_parsed.json
[2026-06-26 13:03:18] pulled odds_parsed.json from 4090
[2026-06-26 13:03:28] pushed to VPS
[2026-06-26 13:03:28] relay done
[2026-06-26 13:04:03] relay start
[2026-06-26 13:04:04] scrape: [13:04:04] Fetching sporttery from 4090 (China IP)...
  ✅ Got 13 matches
  ✅ Saved to odds_parsed.json
[2026-06-26 13:04:06] pulled odds_parsed.json from 4090
[2026-06-26 13:04:15] pushed to VPS
[2026-06-26 13:04:15] relay done
[2026-06-26 13:05:01] relay start
[2026-06-26 13:05:03] scrape: [13:05:02] Fetching sporttery from 4090 (China IP)...
  ✅ Got 13 matches
  ✅ Saved to odds_parsed.json
[2026-06-26 13:05:04] pulled odds_parsed.json from 4090
[2026-06-26 13:05:14] pushed to VPS
[2026-06-26 13:05:14] relay done
[2026-06-26 13:08:01] relay start
[2026-06-26 13:08:03] scrape: [13:08:02] Fetching sporttery from 4090 (China IP)...
  ✅ Got 13 matches
  ✅ Saved to odds_parsed.json
[2026-06-26 13:08:04] pulled odds_parsed.json from 4090
[2026-06-26 13:08:12] pushed to VPS
[2026-06-26 13:08:12] relay done
[2026-06-26 13:10:01] relay start
[2026-06-26 13:10:03] scrape: [13:10:03] Fetching sporttery from 4090 (China IP)...
  ✅ Got 13 matches
  ✅ Saved to odds_parsed.json
[2026-06-26 13:10:05] pulled odds_parsed.json from 4090
[2026-06-26 13:10:15] pushed to VPS
[2026-06-26 13:10:15] relay done
[2026-06-26 13:12:01] relay start
[2026-06-26 13:12:02] scrape: [13:12:02] Fetching sporttery from 4090 (China IP)...
  ✅ Got 13 matches
  ✅ Saved to odds_parsed.json
[2026-06-26 13:12:04] pulled odds_parsed.json from 4090
[2026-06-26 13:12:13] pushed to VPS
[2026-06-26 13:12:13] relay done
[2026-06-26 13:14:01] relay start
[2026-06-26 13:14:03] scrape: [13:14:02] Fetching sporttery from 4090 (China IP)...
  ✅ Got 13 matches
  ✅ Saved to odds_parsed.json
[2026-06-26 13:14:04] pulled odds_parsed.json from 4090
[2026-06-26 13:14:15] pushed to VPS
[2026-06-26 13:14:15] relay done
[2026-06-26 13:16:01] relay start
[2026-06-26 13:16:03] scrape: [13:16:02] Fetching sporttery from 4090 (China IP)...
  ✅ Got 13 matches
  ✅ Saved to odds_parsed.json
[2026-06-26 13:16:06] pulled odds_parsed.json from 4090
[2026-06-26 13:16:14] pushed to VPS
[2026-06-26 13:16:14] relay done
[2026-06-26 13:18:01] relay start
[2026-06-26 13:18:03] scrape: [13:18:03] Fetching sporttery from 4090 (China IP)...
  ✅ Got 13 matches
  ✅ Saved to odds_parsed.json
[2026-06-26 13:18:05] pulled odds_parsed.json from 4090
[2026-06-26 13:18:15] pushed to VPS
[2026-06-26 13:18:15] relay done
[2026-06-26 13:20:01] relay start
[2026-06-26 13:20:02] scrape: [13:20:02] Fetching sporttery from 4090 (China IP)...
  ✅ Got 13 matches
  ✅ Saved to odds_parsed.json
[2026-06-26 13:20:03] pulled odds_parsed.json from 4090
[2026-06-26 13:20:13] pushed to VPS
[2026-06-26 13:20:13] relay done
[2026-06-26 13:22:01] relay start
[2026-06-26 13:22:02] scrape: [13:22:02] Fetching sporttery from 4090 (China IP)...
  ✅ Got 13 matches
  ✅ Saved to odds_parsed.json
[2026-06-26 13:22:03] pulled odds_parsed.json from 4090
[2026-06-26 13:22:13] pushed to VPS
[2026-06-26 13:22:13] relay done
[2026-06-26 13:24:01] relay start
[2026-06-26 13:24:02] scrape: [13:24:02] Fetching sporttery from 4090 (China IP)...
  ✅ Got 13 matches
  ✅ Saved to odds_parsed.json
[2026-06-26 13:24:04] pulled odds_parsed.json from 4090
[2026-06-26 13:24:12] pushed to VPS
[2026-06-26 13:24:12] relay done
[2026-06-26 13:26:01] relay start
[2026-06-26 13:26:03] scrape: [13:26:02] Fetching sporttery from 4090 (China IP)...
  ✅ Got 13 matches
  ✅ Saved to odds_parsed.json
[2026-06-26 13:26:04] pulled odds_parsed.json from 4090
[2026-06-26 13:26:13] pushed to VPS
[2026-06-26 13:26:13] relay done
[2026-06-26 13:28:01] relay start
[2026-06-26 13:28:02] scrape: [13:28:02] Fetching sporttery from 4090 (China IP)...
  ✅ Got 13 matches
  ✅ Saved to odds_parsed.json
[2026-06-26 13:28:04] pulled odds_parsed.json from 4090
[2026-06-26 13:28:15] pushed to VPS
[2026-06-26 13:28:15] relay done
[2026-06-26 13:30:01] relay start
[2026-06-26 13:30:02] scrape: [13:30:02] Fetching sporttery from 4090 (China IP)...
  ✅ Got 13 matches
  ✅ Saved to odds_parsed.json
[2026-06-26 13:30:03] pulled odds_parsed.json from 4090
[2026-06-26 13:30:12] pushed to VPS
[2026-06-26 13:30:12] relay done
[2026-06-26 13:32:01] relay start
[2026-06-26 13:32:03] scrape: [13:32:03] Fetching sporttery from 4090 (China IP)...
  ✅ Got 13 matches
  ✅ Saved to odds_parsed.json
[2026-06-26 13:32:05] pulled odds_parsed.json from 4090
[2026-06-26 13:32:14] pushed to VPS
[2026-06-26 13:32:14] relay done
[2026-06-26 13:34:01] relay start
[2026-06-26 13:34:02] scrape: [13:34:02] Fetching sporttery from 4090 (China IP)...
  ✅ Got 13 matches
  ✅ Saved to odds_parsed.json
[2026-06-26 13:34:04] pulled odds_parsed.json from 4090
[2026-06-26 13:34:14] pushed to VPS
[2026-06-26 13:34:14] relay done
[2026-06-26 13:36:01] relay start
[2026-06-26 13:36:03] scrape: [13:36:03] Fetching sporttery from 4090 (China IP)...
  ✅ Got 13 matches
  ✅ Saved to odds_parsed.json
[2026-06-26 13:36:04] pulled odds_parsed.json from 4090
[2026-06-26 13:36:15] pushed to VPS
[2026-06-26 13:36:15] relay done
[2026-06-26 13:38:01] relay start
[2026-06-26 13:38:02] scrape: [13:38:02] Fetching sporttery from 4090 (China IP)...
  ✅ Got 13 matches
  ✅ Saved to odds_parsed.json
[2026-06-26 13:38:04] pulled odds_parsed.json from 4090
[2026-06-26 13:38:12] pushed to VPS
[2026-06-26 13:38:12] relay done
[2026-06-26 13:40:01] relay start
[2026-06-26 13:40:03] scrape: [13:40:03] Fetching sporttery from 4090 (China IP)...
  ✅ Got 13 matches
  ✅ Saved to odds_parsed.json
[2026-06-26 13:40:04] pulled odds_parsed.json from 4090
[2026-06-26 13:40:14] pushed to VPS
[2026-06-26 13:40:14] relay done
[2026-06-26 13:42:01] relay start
[2026-06-26 13:42:03] scrape: [13:42:02] Fetching sporttery from 4090 (China IP)...
  ✅ Got 13 matches
  ✅ Saved to odds_parsed.json
[2026-06-26 13:42:04] pulled odds_parsed.json from 4090
[2026-06-26 13:42:13] pushed to VPS
[2026-06-26 13:42:13] relay done
[2026-06-26 13:44:01] relay start
[2026-06-26 13:44:03] scrape: [13:44:02] Fetching sporttery from 4090 (China IP)...
  ✅ Got 13 matches
  ✅ Saved to odds_parsed.json
[2026-06-26 13:44:04] pulled odds_parsed.json from 4090
[2026-06-26 13:44:14] pushed to VPS
[2026-06-26 13:44:14] relay done
[2026-06-26 13:46:01] relay start
[2026-06-26 13:46:02] scrape: [13:46:02] Fetching sporttery from 4090 (China IP)...
  ✅ Got 13 matches
  ✅ Saved to odds_parsed.json
[2026-06-26 13:46:04] pulled odds_parsed.json from 4090
[2026-06-26 13:46:13] pushed to VPS
[2026-06-26 13:46:13] relay done
[2026-06-26 13:48:01] relay start
[2026-06-26 13:48:02] scrape: [13:48:02] Fetching sporttery from 4090 (China IP)...
  ✅ Got 13 matches
  ✅ Saved to odds_parsed.json
[2026-06-26 13:48:04] pulled odds_parsed.json from 4090
[2026-06-26 13:48:14] pushed to VPS
[2026-06-26 13:48:14] relay done
[2026-06-26 13:50:01] relay start
[2026-06-26 13:50:02] scrape: [13:50:02] Fetching sporttery from 4090 (China IP)...
  ✅ Got 13 matches
  ✅ Saved to odds_parsed.json
[2026-06-26 13:50:04] pulled odds_parsed.json from 4090
[2026-06-26 13:50:14] pushed to VPS
[2026-06-26 13:50:14] relay done
[2026-06-26 13:52:01] relay start
[2026-06-26 13:52:02] scrape: [13:52:02] Fetching sporttery from 4090 (China IP)...
  ✅ Got 13 matches
  ✅ Saved to odds_parsed.json
[2026-06-26 13:52:03] pulled odds_parsed.json from 4090
[2026-06-26 13:52:12] pushed to VPS
[2026-06-26 13:52:12] relay done
[2026-06-26 13:54:01] relay start
[2026-06-26 13:54:03] scrape: [13:54:03] Fetching sporttery from 4090 (China IP)...
  ✅ Got 13 matches
  ✅ Saved to odds_parsed.json
[2026-06-26 13:54:04] pulled odds_parsed.json from 4090
[2026-06-26 13:54:13] pushed to VPS
[2026-06-26 13:54:13] relay done
[2026-06-26 13:56:01] relay start
[2026-06-26 13:56:03] scrape: [13:56:02] Fetching sporttery from 4090 (China IP)...
  ✅ Got 13 matches
  ✅ Saved to odds_parsed.json
[2026-06-26 13:56:04] pulled odds_parsed.json from 4090
[2026-06-26 13:56:13] pushed to VPS
[2026-06-26 13:56:13] relay done
[2026-06-26 13:58:01] relay start
[2026-06-26 13:58:03] scrape: [13:58:02] Fetching sporttery from 4090 (China IP)...
  ✅ Got 13 matches
  ✅ Saved to odds_parsed.json
[2026-06-26 13:58:04] pulled odds_parsed.json from 4090
[2026-06-26 13:58:14] pushed to VPS
[2026-06-26 13:58:14] relay done
[2026-06-26 14:00:01] relay start
[2026-06-26 14:00:02] scrape: [14:00:02] Fetching sporttery from 4090 (China IP)...
  ✅ Got 13 matches
  ✅ Saved to odds_parsed.json
[2026-06-26 14:00:03] pulled odds_parsed.json from 4090
[2026-06-26 14:00:11] pushed to VPS
[2026-06-26 14:00:11] relay done
[2026-06-26 14:02:01] relay start
[2026-06-26 14:02:03] scrape: [14:02:02] Fetching sporttery from 4090 (China IP)...
  ✅ Got 13 matches
  ✅ Saved to odds_parsed.json
[2026-06-26 14:02:04] pulled odds_parsed.json from 4090
[2026-06-26 14:02:14] pushed to VPS
[2026-06-26 14:02:14] relay done
[2026-06-26 14:04:01] relay start
[2026-06-26 14:04:02] scrape: [14:04:02] Fetching sporttery from 4090 (China IP)...
  ✅ Got 13 matches
  ✅ Saved to odds_parsed.json
[2026-06-26 14:04:04] pulled odds_parsed.json from 4090
[2026-06-26 14:04:13] pushed to VPS
[2026-06-26 14:04:13] relay done
[2026-06-26 14:06:01] relay start
[2026-06-26 14:06:02] scrape: [14:06:02] Fetching sporttery from 4090 (China IP)...
  ✅ Got 13 matches
  ✅ Saved to odds_parsed.json
[2026-06-26 14:06:03] pulled odds_parsed.json from 4090
[2026-06-26 14:06:13] pushed to VPS
[2026-06-26 14:06:13] relay done
[2026-06-26 14:08:01] relay start
[2026-06-26 14:08:03] scrape: [14:08:02] Fetching sporttery from 4090 (China IP)...
  ✅ Got 13 matches
  ✅ Saved to odds_parsed.json
[2026-06-26 14:08:04] pulled odds_parsed.json from 4090
[2026-06-26 14:08:13] pushed to VPS
[2026-06-26 14:08:13] relay done
[2026-06-26 14:10:01] relay start
[2026-06-26 14:10:02] scrape: [14:10:02] Fetching sporttery from 4090 (China IP)...
  ✅ Got 13 matches
  ✅ Saved to odds_parsed.json
[2026-06-26 14:10:03] pulled odds_parsed.json from 4090
[2026-06-26 14:10:13] pushed to VPS
[2026-06-26 14:10:13] relay done
[2026-06-26 14:12:01] relay start
[2026-06-26 14:12:02] scrape: [14:12:02] Fetching sporttery from 4090 (China IP)...
  ✅ Got 13 matches
  ✅ Saved to odds_parsed.json
[2026-06-26 14:12:03] pulled odds_parsed.json from 4090
[2026-06-26 14:12:13] pushed to VPS
[2026-06-26 14:12:13] relay done
[2026-06-26 14:14:01] relay start
[2026-06-26 14:14:02] scrape: [14:14:02] Fetching sporttery from 4090 (China IP)...
  ✅ Got 13 matches
  ✅ Saved to odds_parsed.json
[2026-06-26 14:14:03] pulled odds_parsed.json from 4090
[2026-06-26 14:14:13] pushed to VPS
[2026-06-26 14:14:13] relay done
[2026-06-26 14:16:01] relay start
[2026-06-26 14:16:03] scrape: [14:16:02] Fetching sporttery from 4090 (China IP)...
  ✅ Got 13 matches
  ✅ Saved to odds_parsed.json
[2026-06-26 14:16:04] pulled odds_parsed.json from 4090
[2026-06-26 14:16:13] pushed to VPS
[2026-06-26 14:16:13] relay done
[2026-06-26 14:18:01] relay start
[2026-06-26 14:18:03] scrape: [14:18:02] Fetching sporttery from 4090 (China IP)...
  ✅ Got 13 matches
  ✅ Saved to odds_parsed.json
[2026-06-26 14:18:04] pulled odds_parsed.json from 4090
[2026-06-26 14:18:14] pushed to VPS
[2026-06-26 14:18:14] relay done
[2026-06-26 14:20:01] relay start
[2026-06-26 14:20:02] scrape: [14:20:02] Fetching sporttery from 4090 (China IP)...
  ✅ Got 13 matches
  ✅ Saved to odds_parsed.json
[2026-06-26 14:20:03] pulled odds_parsed.json from 4090
[2026-06-26 14:20:12] pushed to VPS
[2026-06-26 14:20:12] relay done
[2026-06-26 14:22:01] relay start
[2026-06-26 14:22:02] scrape: [14:22:02] Fetching sporttery from 4090 (China IP)...
  ✅ Got 13 matches
  ✅ Saved to odds_parsed.json
[2026-06-26 14:22:03] pulled odds_parsed.json from 4090
[2026-06-26 14:22:13] pushed to VPS
[2026-06-26 14:22:13] relay done
[2026-06-26 14:24:01] relay start
[2026-06-26 14:24:02] scrape: [14:24:02] Fetching sporttery from 4090 (China IP)...
  ✅ Got 13 matches
  ✅ Saved to odds_parsed.json
[2026-06-26 14:24:04] pulled odds_parsed.json from 4090
[2026-06-26 14:24:12] pushed to VPS
[2026-06-26 14:24:12] relay done
[2026-06-26 14:26:01] relay start
[2026-06-26 14:26:03] scrape: [14:26:03] Fetching sporttery from 4090 (China IP)...
  ✅ Got 13 matches
  ✅ Saved to odds_parsed.json
[2026-06-26 14:26:04] pulled odds_parsed.json from 4090
[2026-06-26 14:26:13] pushed to VPS
[2026-06-26 14:26:13] relay done
[2026-06-26 14:28:01] relay start
[2026-06-26 14:28:03] scrape: [14:28:02] Fetching sporttery from 4090 (China IP)...
  ✅ Got 13 matches
  ✅ Saved to odds_parsed.json
[2026-06-26 14:28:04] pulled odds_parsed.json from 4090
[2026-06-26 14:28:14] pushed to VPS
[2026-06-26 14:28:14] relay done
[2026-06-26 14:30:01] relay start
[2026-06-26 14:30:02] scrape: [14:30:02] Fetching sporttery from 4090 (China IP)...
  ✅ Got 13 matches
  ✅ Saved to odds_parsed.json
[2026-06-26 14:30:04] pulled odds_parsed.json from 4090
[2026-06-26 14:30:15] pushed to VPS
[2026-06-26 14:30:15] relay done
[2026-06-26 14:32:01] relay start
[2026-06-26 14:32:02] scrape: [14:32:02] Fetching sporttery from 4090 (China IP)...
  ✅ Got 13 matches
  ✅ Saved to odds_parsed.json
[2026-06-26 14:32:03] pulled odds_parsed.json from 4090
[2026-06-26 14:32:12] pushed to VPS
[2026-06-26 14:32:12] relay done
[2026-06-26 14:34:01] relay start
[2026-06-26 14:34:03] scrape: [14:34:02] Fetching sporttery from 4090 (China IP)...
  ✅ Got 13 matches
  ✅ Saved to odds_parsed.json
[2026-06-26 14:34:04] pulled odds_parsed.json from 4090
[2026-06-26 14:34:13] pushed to VPS
[2026-06-26 14:34:13] relay done
[2026-06-26 14:36:01] relay start
[2026-06-26 14:36:02] scrape: [14:36:02] Fetching sporttery from 4090 (China IP)...
  ✅ Got 13 matches
  ✅ Saved to odds_parsed.json
[2026-06-26 14:36:03] pulled odds_parsed.json from 4090
[2026-06-26 14:36:13] pushed to VPS
[2026-06-26 14:36:13] relay done
[2026-06-26 14:38:01] relay start
[2026-06-26 14:38:02] scrape: [14:38:02] Fetching sporttery from 4090 (China IP)...
  ✅ Got 13 matches
  ✅ Saved to odds_parsed.json
[2026-06-26 14:38:04] pulled odds_parsed.json from 4090
[2026-06-26 14:38:14] pushed to VPS
[2026-06-26 14:38:14] relay done
[2026-06-26 14:40:01] relay start
[2026-06-26 14:40:02] scrape: [14:40:02] Fetching sporttery from 4090 (China IP)...
  ✅ Got 13 matches
  ✅ Saved to odds_parsed.json
[2026-06-26 14:40:04] pulled odds_parsed.json from 4090
[2026-06-26 14:40:12] pushed to VPS
[2026-06-26 14:40:12] relay done
[2026-06-26 14:42:01] relay start
[2026-06-26 14:42:02] scrape: [14:42:02] Fetching sporttery from 4090 (China IP)...
  ✅ Got 13 matches
  ✅ Saved to odds_parsed.json
[2026-06-26 14:42:04] pulled odds_parsed.json from 4090
[2026-06-26 14:42:12] pushed to VPS
[2026-06-26 14:42:12] relay done
[2026-06-26 14:44:01] relay start
[2026-06-26 14:44:03] scrape: [14:44:02] Fetching sporttery from 4090 (China IP)...
  ✅ Got 13 matches
  ✅ Saved to odds_parsed.json
[2026-06-26 14:44:04] pulled odds_parsed.json from 4090
[2026-06-26 14:44:13] pushed to VPS
[2026-06-26 14:44:13] relay done
[2026-06-26 14:46:01] relay start
[2026-06-26 14:46:02] scrape: [14:46:02] Fetching sporttery from 4090 (China IP)...
  ✅ Got 13 matches
  ✅ Saved to odds_parsed.json
[2026-06-26 14:46:03] pulled odds_parsed.json from 4090
[2026-06-26 14:46:13] pushed to VPS
[2026-06-26 14:46:13] relay done
[2026-06-26 14:48:01] relay start
[2026-06-26 14:48:02] scrape: [14:48:02] Fetching sporttery from 4090 (China IP)...
  ✅ Got 13 matches
  ✅ Saved to odds_parsed.json
[2026-06-26 14:48:04] pulled odds_parsed.json from 4090
[2026-06-26 14:48:13] pushed to VPS
[2026-06-26 14:48:13] relay done
[2026-06-26 14:50:01] relay start
[2026-06-26 14:50:02] scrape: [14:50:02] Fetching sporttery from 4090 (China IP)...
  ✅ Got 13 matches
  ✅ Saved to odds_parsed.json
[2026-06-26 14:50:04] pulled odds_parsed.json from 4090
[2026-06-26 14:50:14] pushed to VPS
[2026-06-26 14:50:14] relay done
[2026-06-26 14:52:01] relay start
[2026-06-26 14:52:02] scrape: [14:52:02] Fetching sporttery from 4090 (China IP)...
  ✅ Got 13 matches
  ✅ Saved to odds_parsed.json
[2026-06-26 14:52:04] pulled odds_parsed.json from 4090
[2026-06-26 14:52:12] pushed to VPS
[2026-06-26 14:52:12] relay done
[2026-06-26 14:54:01] relay start
[2026-06-26 14:54:03] scrape: [14:54:02] Fetching sporttery from 4090 (China IP)...
  ✅ Got 13 matches
  ✅ Saved to odds_parsed.json
[2026-06-26 14:54:04] pulled odds_parsed.json from 4090
[2026-06-26 14:54:15] pushed to VPS
[2026-06-26 14:54:15] relay done
[2026-06-26 14:56:01] relay start
[2026-06-26 14:56:02] scrape: [14:56:01] Fetching sporttery from 4090 (China IP)...
  ✅ Got 13 matches
  ✅ Saved to odds_parsed.json
[2026-06-26 14:56:03] pulled odds_parsed.json from 4090
[2026-06-26 14:56:13] pushed to VPS
[2026-06-26 14:56:13] relay done
[2026-06-26 14:58:01] relay start
[2026-06-26 14:58:03] scrape: [14:58:02] Fetching sporttery from 4090 (China IP)...
  ✅ Got 13 matches
  ✅ Saved to odds_parsed.json
[2026-06-26 14:58:05] pulled odds_parsed.json from 4090
[2026-06-26 14:58:14] pushed to VPS
[2026-06-26 14:58:14] relay done
[2026-06-26 15:00:01] relay start
[2026-06-26 15:00:03] scrape: [15:00:02] Fetching sporttery from 4090 (China IP)...
  ✅ Got 13 matches
  ✅ Saved to odds_parsed.json
[2026-06-26 15:00:04] pulled odds_parsed.json from 4090
[2026-06-26 15:00:12] pushed to VPS
[2026-06-26 15:00:12] relay done
[2026-06-26 15:02:02] relay start
[2026-06-26 15:02:03] scrape: [15:02:03] Fetching sporttery from 4090 (China IP)...
  ✅ Got 13 matches
  ✅ Saved to odds_parsed.json
[2026-06-26 15:02:04] pulled odds_parsed.json from 4090
[2026-06-26 15:02:14] pushed to VPS
[2026-06-26 15:02:14] relay done
[2026-06-26 15:04:01] relay start
[2026-06-26 15:04:02] scrape: [15:04:02] Fetching sporttery from 4090 (China IP)...
  ✅ Got 13 matches
  ✅ Saved to odds_parsed.json
[2026-06-26 15:04:05] pulled odds_parsed.json from 4090
[2026-06-26 15:04:13] pushed to VPS
[2026-06-26 15:04:13] relay done
[2026-06-26 15:06:01] relay start
[2026-06-26 15:06:02] scrape: [15:06:02] Fetching sporttery from 4090 (China IP)...
  ✅ Got 13 matches
  ✅ Saved to odds_parsed.json
[2026-06-26 15:06:03] pulled odds_parsed.json from 4090
[2026-06-26 15:06:13] pushed to VPS
[2026-06-26 15:06:13] relay done
[2026-06-26 15:08:01] relay start
[2026-06-26 15:08:02] scrape: [15:08:02] Fetching sporttery from 4090 (China IP)...
  ✅ Got 13 matches
  ✅ Saved to odds_parsed.json
[2026-06-26 15:08:03] pulled odds_parsed.json from 4090
[2026-06-26 15:08:12] pushed to VPS
[2026-06-26 15:08:12] relay done
[2026-06-26 15:10:01] relay start
[2026-06-26 15:10:02] scrape: [15:10:01] Fetching sporttery from 4090 (China IP)...
  ✅ Got 13 matches
  ✅ Saved to odds_parsed.json
[2026-06-26 15:10:04] pulled odds_parsed.json from 4090
[2026-06-26 15:10:13] pushed to VPS
[2026-06-26 15:10:13] relay done
[2026-06-26 15:12:01] relay start
[2026-06-26 15:12:02] scrape: [15:12:02] Fetching sporttery from 4090 (China IP)...
  ✅ Got 13 matches
  ✅ Saved to odds_parsed.json
[2026-06-26 15:12:04] pulled odds_parsed.json from 4090
[2026-06-26 15:12:14] pushed to VPS
[2026-06-26 15:12:14] relay done
[2026-06-26 15:14:01] relay start
[2026-06-26 15:14:03] scrape: [15:14:03] Fetching sporttery from 4090 (China IP)...
  ✅ Got 13 matches
  ✅ Saved to odds_parsed.json
[2026-06-26 15:14:05] pulled odds_parsed.json from 4090
[2026-06-26 15:14:15] pushed to VPS
[2026-06-26 15:14:15] relay done
[2026-06-26 15:16:01] relay start
[2026-06-26 15:16:02] scrape: [15:16:02] Fetching sporttery from 4090 (China IP)...
  ✅ Got 13 matches
  ✅ Saved to odds_parsed.json
[2026-06-26 15:16:03] pulled odds_parsed.json from 4090
[2026-06-26 15:16:11] pushed to VPS
[2026-06-26 15:16:11] relay done
[2026-06-26 15:18:01] relay start
[2026-06-26 15:18:03] scrape: [15:18:02] Fetching sporttery from 4090 (China IP)...
  ✅ Got 13 matches
  ✅ Saved to odds_parsed.json
[2026-06-26 15:18:04] pulled odds_parsed.json from 4090
[2026-06-26 15:18:12] pushed to VPS
[2026-06-26 15:18:12] relay done
[2026-06-26 15:20:01] relay start
[2026-06-26 15:20:03] scrape: [15:20:02] Fetching sporttery from 4090 (China IP)...
  ✅ Got 13 matches
  ✅ Saved to odds_parsed.json
[2026-06-26 15:20:04] pulled odds_parsed.json from 4090
[2026-06-26 15:20:13] pushed to VPS
[2026-06-26 15:20:13] relay done
[2026-06-26 15:22:01] relay start
[2026-06-26 15:22:02] scrape: [15:22:02] Fetching sporttery from 4090 (China IP)...
  ✅ Got 13 matches
  ✅ Saved to odds_parsed.json
[2026-06-26 15:22:04] pulled odds_parsed.json from 4090
[2026-06-26 15:22:14] pushed to VPS
[2026-06-26 15:22:14] relay done
[2026-06-26 15:24:01] relay start
[2026-06-26 15:24:02] scrape: [15:24:02] Fetching sporttery from 4090 (China IP)...
  ✅ Got 13 matches
  ✅ Saved to odds_parsed.json
[2026-06-26 15:24:03] pulled odds_parsed.json from 4090
[2026-06-26 15:24:13] pushed to VPS
[2026-06-26 15:24:13] relay done
[2026-06-26 15:26:01] relay start
[2026-06-26 15:26:02] scrape: [15:26:02] Fetching sporttery from 4090 (China IP)...
  ✅ Got 13 matches
  ✅ Saved to odds_parsed.json
[2026-06-26 15:26:03] pulled odds_parsed.json from 4090
[2026-06-26 15:26:13] pushed to VPS
[2026-06-26 15:26:13] relay done
[2026-06-26 15:28:01] relay start
[2026-06-26 15:28:02] scrape: [15:28:02] Fetching sporttery from 4090 (China IP)...
  ✅ Got 13 matches
  ✅ Saved to odds_parsed.json
[2026-06-26 15:28:03] pulled odds_parsed.json from 4090
[2026-06-26 15:28:12] pushed to VPS
[2026-06-26 15:28:12] relay done
[2026-06-26 15:30:01] relay start
[2026-06-26 15:30:02] scrape: [15:30:02] Fetching sporttery from 4090 (China IP)...
  ✅ Got 13 matches
  ✅ Saved to odds_parsed.json
[2026-06-26 15:30:03] pulled odds_parsed.json from 4090
[2026-06-26 15:30:13] pushed to VPS
[2026-06-26 15:30:13] relay done
[2026-06-26 15:32:01] relay start
[2026-06-26 15:32:03] scrape: [15:32:02] Fetching sporttery from 4090 (China IP)...
  ✅ Got 13 matches
  ✅ Saved to odds_parsed.json
[2026-06-26 15:32:05] pulled odds_parsed.json from 4090
[2026-06-26 15:32:13] pushed to VPS
[2026-06-26 15:32:13] relay done
[2026-06-26 15:34:01] relay start
[2026-06-26 15:34:03] scrape: [15:34:02] Fetching sporttery from 4090 (China IP)...
  ✅ Got 13 matches
  ✅ Saved to odds_parsed.json
[2026-06-26 15:34:05] pulled odds_parsed.json from 4090
[2026-06-26 15:34:14] pushed to VPS
[2026-06-26 15:34:14] relay done
[2026-06-26 15:36:01] relay start
[2026-06-26 15:36:02] scrape: [15:36:02] Fetching sporttery from 4090 (China IP)...
  ✅ Got 13 matches
  ✅ Saved to odds_parsed.json
[2026-06-26 15:36:04] pulled odds_parsed.json from 4090
[2026-06-26 15:36:14] pushed to VPS
[2026-06-26 15:36:14] relay done
[2026-06-26 15:38:01] relay start
[2026-06-26 15:38:02] scrape: [15:38:02] Fetching sporttery from 4090 (China IP)...
  ✅ Got 13 matches
  ✅ Saved to odds_parsed.json
[2026-06-26 15:38:03] pulled odds_parsed.json from 4090
[2026-06-26 15:38:12] pushed to VPS
[2026-06-26 15:38:12] relay done
[2026-06-26 15:40:01] relay start
[2026-06-26 15:40:02] scrape: [15:40:02] Fetching sporttery from 4090 (China IP)...
  ✅ Got 13 matches
  ✅ Saved to odds_parsed.json
[2026-06-26 15:40:04] pulled odds_parsed.json from 4090
[2026-06-26 15:40:14] pushed to VPS
[2026-06-26 15:40:14] relay done
[2026-06-26 15:42:01] relay start
[2026-06-26 15:42:02] scrape: [15:42:02] Fetching sporttery from 4090 (China IP)...
  ✅ Got 13 matches
  ✅ Saved to odds_parsed.json
[2026-06-26 15:42:03] pulled odds_parsed.json from 4090
[2026-06-26 15:42:12] pushed to VPS
[2026-06-26 15:42:12] relay done
[2026-06-26 15:44:01] relay start
[2026-06-26 15:44:02] scrape: [15:44:02] Fetching sporttery from 4090 (China IP)...
  ✅ Got 13 matches
  ✅ Saved to odds_parsed.json
[2026-06-26 15:44:04] pulled odds_parsed.json from 4090
[2026-06-26 15:44:14] pushed to VPS
[2026-06-26 15:44:14] relay done
[2026-06-26 15:46:01] relay start
[2026-06-26 15:46:02] scrape: [15:46:01] Fetching sporttery from 4090 (China IP)...
  ✅ Got 13 matches
  ✅ Saved to odds_parsed.json
[2026-06-26 15:46:03] pulled odds_parsed.json from 4090
[2026-06-26 15:46:13] pushed to VPS
[2026-06-26 15:46:13] relay done
[2026-06-26 15:48:01] relay start
[2026-06-26 15:48:03] scrape: [15:48:02] Fetching sporttery from 4090 (China IP)...
  ✅ Got 13 matches
  ✅ Saved to odds_parsed.json
[2026-06-26 15:48:05] pulled odds_parsed.json from 4090
[2026-06-26 15:48:14] pushed to VPS
[2026-06-26 15:48:14] relay done
[2026-06-26 15:50:01] relay start
[2026-06-26 15:50:03] scrape: [15:50:02] Fetching sporttery from 4090 (China IP)...
  ✅ Got 13 matches
  ✅ Saved to odds_parsed.json
[2026-06-26 15:50:05] pulled odds_parsed.json from 4090
[2026-06-26 15:50:15] pushed to VPS
[2026-06-26 15:50:15] relay done
[2026-06-26 15:52:01] relay start
[2026-06-26 15:52:03] scrape: [15:52:02] Fetching sporttery from 4090 (China IP)...
  ✅ Got 13 matches
  ✅ Saved to odds_parsed.json
[2026-06-26 15:52:04] pulled odds_parsed.json from 4090
[2026-06-26 15:52:14] pushed to VPS
[2026-06-26 15:52:14] relay done
[2026-06-26 15:54:01] relay start
[2026-06-26 15:54:02] scrape: [15:54:02] Fetching sporttery from 4090 (China IP)...
  ✅ Got 13 matches
  ✅ Saved to odds_parsed.json
[2026-06-26 15:54:03] pulled odds_parsed.json from 4090
[2026-06-26 15:54:13] pushed to VPS
[2026-06-26 15:54:13] relay done
[2026-06-26 15:56:01] relay start
[2026-06-26 15:56:02] scrape: [15:56:02] Fetching sporttery from 4090 (China IP)...
  ✅ Got 13 matches
  ✅ Saved to odds_parsed.json
[2026-06-26 15:56:04] pulled odds_parsed.json from 4090
[2026-06-26 15:56:14] pushed to VPS
[2026-06-26 15:56:14] relay done
[2026-06-26 15:58:01] relay start
[2026-06-26 15:58:02] scrape: [15:58:02] Fetching sporttery from 4090 (China IP)...
  ✅ Got 13 matches
  ✅ Saved to odds_parsed.json
[2026-06-26 15:58:03] pulled odds_parsed.json from 4090
[2026-06-26 15:58:12] pushed to VPS
[2026-06-26 15:58:12] relay done
[2026-06-26 16:00:01] relay start
[2026-06-26 16:00:04] scrape: [16:00:04] Fetching sporttery from 4090 (China IP)...
  ✅ Got 13 matches
  ✅ Saved to odds_parsed.json
[2026-06-26 16:00:05] pulled odds_parsed.json from 4090
[2026-06-26 16:00:15] pushed to VPS
[2026-06-26 16:00:15] relay done
[2026-06-26 16:02:01] relay start
[2026-06-26 16:02:02] scrape: [16:02:02] Fetching sporttery from 4090 (China IP)...
  ✅ Got 13 matches
  ✅ Saved to odds_parsed.json
[2026-06-26 16:02:04] pulled odds_parsed.json from 4090
[2026-06-26 16:02:13] pushed to VPS
[2026-06-26 16:02:13] relay done
[2026-06-26 16:04:01] relay start
[2026-06-26 16:04:02] scrape: [16:04:02] Fetching sporttery from 4090 (China IP)...
  ✅ Got 13 matches
  ✅ Saved to odds_parsed.json
[2026-06-26 16:04:04] pulled odds_parsed.json from 4090
[2026-06-26 16:04:13] pushed to VPS
[2026-06-26 16:04:13] relay done
[2026-06-26 16:06:01] relay start
[2026-06-26 16:06:02] scrape: [16:06:02] Fetching sporttery from 4090 (China IP)...
  ✅ Got 13 matches
  ✅ Saved to odds_parsed.json
[2026-06-26 16:06:04] pulled odds_parsed.json from 4090
[2026-06-26 16:06:14] pushed to VPS
[2026-06-26 16:06:14] relay done
[2026-06-26 16:08:01] relay start
[2026-06-26 16:08:02] scrape: [16:08:02] Fetching sporttery from 4090 (China IP)...
  ✅ Got 13 matches
  ✅ Saved to odds_parsed.json
[2026-06-26 16:08:04] pulled odds_parsed.json from 4090
[2026-06-26 16:08:13] pushed to VPS
[2026-06-26 16:08:13] relay done
[2026-06-26 16:10:01] relay start
[2026-06-26 16:10:02] scrape: [16:10:02] Fetching sporttery from 4090 (China IP)...
  ✅ Got 13 matches
  ✅ Saved to odds_parsed.json
[2026-06-26 16:10:04] pulled odds_parsed.json from 4090
[2026-06-26 16:10:13] pushed to VPS
[2026-06-26 16:10:13] relay done
[2026-06-26 16:12:01] relay start
[2026-06-26 16:12:03] scrape: [16:12:02] Fetching sporttery from 4090 (China IP)...
  ✅ Got 13 matches
  ✅ Saved to odds_parsed.json
[2026-06-26 16:12:04] pulled odds_parsed.json from 4090
[2026-06-26 16:12:13] pushed to VPS
[2026-06-26 16:12:13] relay done
[2026-06-26 16:14:01] relay start
[2026-06-26 16:14:02] scrape: [16:14:02] Fetching sporttery from 4090 (China IP)...
  ✅ Got 13 matches
  ✅ Saved to odds_parsed.json
[2026-06-26 16:14:04] pulled odds_parsed.json from 4090
[2026-06-26 16:14:13] pushed to VPS
[2026-06-26 16:14:13] relay done
[2026-06-26 16:16:01] relay start
[2026-06-26 16:16:02] scrape: [16:16:02] Fetching sporttery from 4090 (China IP)...
  ✅ Got 13 matches
  ✅ Saved to odds_parsed.json
[2026-06-26 16:16:04] pulled odds_parsed.json from 4090
[2026-06-26 16:16:12] pushed to VPS
[2026-06-26 16:16:12] relay done
[2026-06-26 16:18:01] relay start
[2026-06-26 16:18:02] scrape: [16:18:02] Fetching sporttery from 4090 (China IP)...
  ✅ Got 13 matches
  ✅ Saved to odds_parsed.json
[2026-06-26 16:18:04] pulled odds_parsed.json from 4090
[2026-06-26 16:18:14] pushed to VPS
[2026-06-26 16:18:14] relay done
[2026-06-26 16:20:01] relay start
[2026-06-26 16:20:03] scrape: [16:20:02] Fetching sporttery from 4090 (China IP)...
  ✅ Got 13 matches
  ✅ Saved to odds_parsed.json
[2026-06-26 16:20:04] pulled odds_parsed.json from 4090
[2026-06-26 16:20:13] pushed to VPS
[2026-06-26 16:20:13] relay done
[2026-06-26 16:22:01] relay start
[2026-06-26 16:22:03] scrape: [16:22:03] Fetching sporttery from 4090 (China IP)...
  ✅ Got 13 matches
  ✅ Saved to odds_parsed.json
[2026-06-26 16:22:05] pulled odds_parsed.json from 4090
[2026-06-26 16:24:01] relay start
[2026-06-26 16:24:03] scrape: [16:24:02] Fetching sporttery from 4090 (China IP)...
  ✅ Got 13 matches
  ✅ Saved to odds_parsed.json
[2026-06-26 16:24:04] pulled odds_parsed.json from 4090
Connection closed by 170.106.198.250 port 22
scp: Connection closed
[2026-06-26 16:24:12] pushed to VPS
[2026-06-26 16:24:12] relay done
